[INFO ] 15-02-2023 08:48:09 [main] [Log] - Loaded all properties files.
[INFO ] 15-02-2023 08:48:09 [main] [Log] - TestBase: Properties For Testing:
{databaseName=KETOAN_AUTO_HOADON, language=vi, exportVideoPath=ExportData/Videos, open_reports_after_execution=no, screenshot_all_steps=no, WAIT_DEFAULT=10, testing_version=1.0, CHROME_DRIVER=, author=MISA, reportTitle=AMIS ACCOUNTING | Automation Report, video_record=no, zip_folder=no, exportCapturePath=ExportData/Images, WAIT_PAGE_LOADED=30, projectName=AMIS ACCOUNTING, WAIT_EXPLICIT=10, extentReportFolder=ExtentReports, draw_border_err_element=yes, WAIT_IMPLICIT=3, extentReportName=ExtentReports, tfslink=http://tfs2017-01:8080/tfs/defaultcollection/SMECLOUD/_workitems?id=, loginExcelDataPath=src/test/resources/datatest/amisaccounting/LoginData.xlsx, screenshot_failed_steps=yes, browser=chrome, remote_url=localhost, remote_port=4444, screenshot_passed_steps=no, override_reports=yes, target=local, headless=false, ACTIVE_PAGE_LOADED=true, WAIT_SLEEP_STEP=1, screenshot_skipped_steps=yes, send_email_to_users=no}
[INFO ] 15-02-2023 08:48:09 [main] [Log] - 
---------------------------------------------------------------
TestListener: TESTING FOR TEST SUITE: Default Suite
---------------------------------------------------------------
[INFO ] 15-02-2023 08:48:12 [main] [WebDriverManager] - Using chromedriver 109.0.5414.74 (resolved driver for Chrome 109)
[INFO ] 15-02-2023 08:48:12 [main] [WebDriverManager] - Exporting webdriver.chrome.driver as C:\Users\ADMIN\.cache\selenium\chromedriver\win32\109.0.5414.74\chromedriver.exe
[INFO ] 15-02-2023 08:48:24 [main] [Log] - Actual URL: https://themeforest.net/
[INFO ] 15-02-2023 08:48:24 [main] [Log] - 
---------------------------------------------------------------
TestListener: START TC:  TC1
[INFO ] 15-02-2023 08:48:24 [main] [Log] - waitForElementClickableBy: Element By.xpath: //a[contains(text(),'Code')] : clickable
[INFO ] 15-02-2023 08:48:25 [main] [Log] - waitForElementClickableBy: Element By.xpath: //a[contains(text(),'All Items')] : clickable
[INFO ] 15-02-2023 08:48:26 [main] [Log] - waitForElementVisibleWithBy: Element By.xpath: //h1[text()='Plugins, Code & Scripts'] : visible
[INFO ] 15-02-2023 08:48:26 [main] [Log] - waitForElementVisibleWithBy: Element By.xpath: //input[@name='term'] : visible
[INFO ] 15-02-2023 08:48:27 [main] [Log] - waitForElementVisibleWithBy: Element By.xpath: //input[@name='term'] : visible
[INFO ] 15-02-2023 08:48:28 [main] [Log] - waitForElementClickableBy: Element By.xpath: //a[contains(text(),'Best sellers')] : clickable
[INFO ] 15-02-2023 08:48:28 [main] [Log] - waitForElementVisibleWithBy: Element By.xpath: //span[text()='Best sellers'] : visible
[INFO ] 15-02-2023 08:48:29 [main] [Log] - waitForElementClickableBy: Element By.xpath: (//a[contains(@class,'add')])[1] : clickable
[INFO ] 15-02-2023 08:48:29 [main] [Log] - waitForElementClickableBy: Element By.xpath: (//a[contains(@class,'add')])[1] : clickable
[INFO ] 15-02-2023 08:48:30 [main] [Log] - waitForElementClickableBy: Element By.xpath: //button[normalize-space()='Keep Browsing'] : clickable
[INFO ] 15-02-2023 08:48:30 [main] [Log] - waitForElementClickableBy: Element By.xpath: (//a[contains(@class,'add')])[2] : clickable
[INFO ] 15-02-2023 08:48:30 [main] [Log] - waitForElementClickableBy: Element By.xpath: (//a[contains(@class,'add')])[2] : clickable
[INFO ] 15-02-2023 08:48:31 [main] [Log] - waitForElementClickableBy: Element By.xpath: //button[normalize-space()='Keep Browsing'] : clickable
[INFO ] 15-02-2023 08:48:31 [main] [Log] - waitForElementClickableBy: Element By.xpath: (//a[contains(@class,'add')])[3] : clickable
[INFO ] 15-02-2023 08:48:31 [main] [Log] - waitForElementClickableBy: Element By.xpath: (//a[contains(@class,'add')])[3] : clickable
[INFO ] 15-02-2023 08:48:32 [main] [Log] - waitForElementClickableBy: Element By.xpath: //button[normalize-space()='Keep Browsing'] : clickable
[INFO ] 15-02-2023 08:48:32 [main] [Log] - waitForElementClickableBy: Element By.xpath: (//a[contains(@class,'add')])[4] : clickable
[INFO ] 15-02-2023 08:48:32 [main] [Log] - waitForElementClickableBy: Element By.xpath: (//a[contains(@class,'add')])[4] : clickable
[INFO ] 15-02-2023 08:48:33 [main] [Log] - waitForElementClickableBy: Element By.xpath: //button[normalize-space()='Keep Browsing'] : clickable
[INFO ] 15-02-2023 08:48:33 [main] [Log] - waitForElementClickableBy: Element By.xpath: (//a[contains(@class,'add')])[5] : clickable
[INFO ] 15-02-2023 08:48:33 [main] [Log] - waitForElementClickableBy: Element By.xpath: (//a[contains(@class,'add')])[5] : clickable
[INFO ] 15-02-2023 08:48:34 [main] [Log] - waitForElementClickableBy: Element By.xpath: //button[normalize-space()='Keep Browsing'] : clickable
[INFO ] 15-02-2023 08:48:34 [main] [Log] - waitForElementClickableBy: Element By.xpath: //span[@data-controller='cart-icon'] : clickable
[INFO ] 15-02-2023 08:48:37 [main] [Log] - waitForElementClickableBy: Element By.xpath: (//input[@value='Secure Checkout'])[2] : clickable
[INFO ] 15-02-2023 08:48:40 [main] [Log] - waitForElementVisibleWithBy: Element By.xpath: //label[contains(text(),'First Name')]/following::input[1] : visible
[INFO ] 15-02-2023 08:48:40 [main] [Log] - waitForElementVisibleWithBy: Element By.xpath: //label[contains(text(),'Last Name')]/following::input[1] : visible
[INFO ] 15-02-2023 08:48:40 [main] [Log] - waitForElementVisibleWithBy: Element By.xpath: //label[contains(text(),'Email')]/following::input[1] : visible
[INFO ] 15-02-2023 08:48:41 [main] [Log] - waitForElementVisibleWithBy: Element By.xpath: //label[contains(text(),'Username')]/following::input[1] : visible
[INFO ] 15-02-2023 08:48:41 [main] [Log] - waitForElementVisibleWithBy: Element By.xpath: //label[contains(text(),'Password')]/following::input[1] : visible
[INFO ] 15-02-2023 08:48:42 [main] [Log] - waitForElementVisibleWithBy: Element By.xpath: //div[contains(@class,'total')]//h4 : visible
[INFO ] 15-02-2023 08:48:42 [main] [Log] - 
TestListener: COMPLETED TC: TC1 - PASS 
---------------------------------------------------------------
[INFO ] 15-02-2023 08:48:46 [main] [Log] - Actual URL: https://themeforest.net/
[INFO ] 15-02-2023 08:48:46 [main] [Log] - 
---------------------------------------------------------------
TestListener: START TC:  TC1
[INFO ] 15-02-2023 08:48:46 [main] [Log] - waitForElementClickableBy: Element By.xpath: //a[contains(text(),'Code')] : clickable
[INFO ] 15-02-2023 08:48:48 [main] [Log] - waitForElementClickableBy: Element By.xpath: //a[contains(text(),'All Items')] : clickable
[INFO ] 15-02-2023 08:48:48 [main] [Log] - waitForElementVisibleWithBy: Element By.xpath: //h1[text()='Plugins, Code & Scripts'] : visible
[INFO ] 15-02-2023 08:48:48 [main] [Log] - waitForElementVisibleWithBy: Element By.xpath: //input[@name='term'] : visible
[INFO ] 15-02-2023 08:48:49 [main] [Log] - waitForElementVisibleWithBy: Element By.xpath: //input[@name='term'] : visible
[INFO ] 15-02-2023 08:48:49 [main] [Log] - waitForElementClickableBy: Element By.xpath: //a[contains(text(),'Best sellers')] : clickable
[INFO ] 15-02-2023 08:48:50 [main] [Log] - waitForElementVisibleWithBy: Element By.xpath: //span[text()='Best sellers'] : visible
[INFO ] 15-02-2023 08:48:51 [main] [Log] - waitForElementClickableBy: Element By.xpath: (//a[contains(@class,'add')])[1] : clickable
[INFO ] 15-02-2023 08:48:51 [main] [Log] - waitForElementClickableBy: Element By.xpath: (//a[contains(@class,'add')])[1] : clickable
[INFO ] 15-02-2023 08:48:51 [main] [Log] - waitForElementClickableBy: Element By.xpath: //button[normalize-space()='Keep Browsing'] : clickable
[INFO ] 15-02-2023 08:48:51 [main] [Log] - waitForElementClickableBy: Element By.xpath: (//a[contains(@class,'add')])[2] : clickable
[INFO ] 15-02-2023 08:48:51 [main] [Log] - waitForElementClickableBy: Element By.xpath: (//a[contains(@class,'add')])[2] : clickable
[INFO ] 15-02-2023 08:48:52 [main] [Log] - waitForElementClickableBy: Element By.xpath: //button[normalize-space()='Keep Browsing'] : clickable
[INFO ] 15-02-2023 08:48:52 [main] [Log] - waitForElementClickableBy: Element By.xpath: (//a[contains(@class,'add')])[3] : clickable
[INFO ] 15-02-2023 08:48:52 [main] [Log] - waitForElementClickableBy: Element By.xpath: (//a[contains(@class,'add')])[3] : clickable
[INFO ] 15-02-2023 08:48:53 [main] [Log] - waitForElementClickableBy: Element By.xpath: //button[normalize-space()='Keep Browsing'] : clickable
[INFO ] 15-02-2023 08:48:53 [main] [Log] - waitForElementClickableBy: Element By.xpath: (//a[contains(@class,'add')])[4] : clickable
[INFO ] 15-02-2023 08:48:53 [main] [Log] - waitForElementClickableBy: Element By.xpath: (//a[contains(@class,'add')])[4] : clickable
[INFO ] 15-02-2023 08:48:55 [main] [Log] - waitForElementClickableBy: Element By.xpath: //button[normalize-space()='Keep Browsing'] : clickable
[INFO ] 15-02-2023 08:48:55 [main] [Log] - waitForElementClickableBy: Element By.xpath: (//a[contains(@class,'add')])[5] : clickable
[INFO ] 15-02-2023 08:48:55 [main] [Log] - waitForElementClickableBy: Element By.xpath: (//a[contains(@class,'add')])[5] : clickable
[INFO ] 15-02-2023 08:48:55 [main] [Log] - waitForElementClickableBy: Element By.xpath: //button[normalize-space()='Keep Browsing'] : clickable
[INFO ] 15-02-2023 08:48:55 [main] [Log] - waitForElementClickableBy: Element By.xpath: //span[@data-controller='cart-icon'] : clickable
[INFO ] 15-02-2023 08:48:57 [main] [Log] - waitForElementClickableBy: Element By.xpath: (//input[@value='Secure Checkout'])[2] : clickable
[INFO ] 15-02-2023 08:49:00 [main] [Log] - waitForElementVisibleWithBy: Element By.xpath: //label[contains(text(),'First Name')]/following::input[1] : visible
[INFO ] 15-02-2023 08:49:00 [main] [Log] - waitForElementVisibleWithBy: Element By.xpath: //label[contains(text(),'Last Name')]/following::input[1] : visible
[INFO ] 15-02-2023 08:49:00 [main] [Log] - waitForElementVisibleWithBy: Element By.xpath: //label[contains(text(),'Email')]/following::input[1] : visible
[INFO ] 15-02-2023 08:49:01 [main] [Log] - waitForElementVisibleWithBy: Element By.xpath: //label[contains(text(),'Username')]/following::input[1] : visible
[INFO ] 15-02-2023 08:49:01 [main] [Log] - waitForElementVisibleWithBy: Element By.xpath: //label[contains(text(),'Password')]/following::input[1] : visible
[INFO ] 15-02-2023 08:49:02 [main] [Log] - waitForElementVisibleWithBy: Element By.xpath: //div[contains(@class,'total')]//h4 : visible
[INFO ] 15-02-2023 08:49:02 [main] [Log] - 
TestListener: COMPLETED TC: TC1 - PASS 
---------------------------------------------------------------
[INFO ] 15-02-2023 08:49:02 [main] [Log] - TestBase: Close Driver 
[INFO ] 15-02-2023 08:49:02 [main] [Log] - 
TestListener: FINISH TESTING FOR TEST SUITE: Default Suite 
---------------------------------------------------------------
[INFO ] 15-02-2023 08:49:50 [main] [Log] - Loaded all properties files.
[INFO ] 15-02-2023 08:49:50 [main] [Log] - TestBase: Properties For Testing:
{databaseName=KETOAN_AUTO_HOADON, language=vi, exportVideoPath=ExportData/Videos, open_reports_after_execution=no, screenshot_all_steps=no, WAIT_DEFAULT=10, testing_version=1.0, CHROME_DRIVER=, author=MISA, reportTitle=AMIS ACCOUNTING | Automation Report, video_record=no, zip_folder=no, exportCapturePath=ExportData/Images, WAIT_PAGE_LOADED=30, projectName=AMIS ACCOUNTING, WAIT_EXPLICIT=10, extentReportFolder=ExtentReports, draw_border_err_element=yes, WAIT_IMPLICIT=3, extentReportName=ExtentReports, tfslink=http://tfs2017-01:8080/tfs/defaultcollection/SMECLOUD/_workitems?id=, loginExcelDataPath=src/test/resources/datatest/amisaccounting/LoginData.xlsx, screenshot_failed_steps=yes, browser=chrome, remote_url=localhost, remote_port=4444, screenshot_passed_steps=no, override_reports=yes, target=local, headless=false, ACTIVE_PAGE_LOADED=true, WAIT_SLEEP_STEP=1, screenshot_skipped_steps=yes, send_email_to_users=no}
[INFO ] 15-02-2023 08:49:50 [main] [Log] - 
---------------------------------------------------------------
TestListener: TESTING FOR TEST SUITE: Default Suite
---------------------------------------------------------------
[INFO ] 15-02-2023 08:49:51 [main] [WebDriverManager] - Using chromedriver 109.0.5414.74 (resolved driver for Chrome 109)
[INFO ] 15-02-2023 08:49:51 [main] [WebDriverManager] - Exporting webdriver.chrome.driver as C:\Users\ADMIN\.cache\selenium\chromedriver\win32\109.0.5414.74\chromedriver.exe
[INFO ] 15-02-2023 08:50:01 [main] [Log] - Actual URL: https://themeforest.net/
[INFO ] 15-02-2023 08:50:01 [main] [Log] - 
---------------------------------------------------------------
TestListener: START TC:  TC1
[INFO ] 15-02-2023 08:50:01 [main] [Log] - waitForElementClickableBy: Element By.xpath: //a[contains(text(),'Code')] : clickable
[INFO ] 15-02-2023 08:50:03 [main] [Log] - waitForElementClickableBy: Element By.xpath: //a[contains(text(),'All Items')] : clickable
[INFO ] 15-02-2023 08:50:04 [main] [Log] - waitForElementVisibleWithBy: Element By.xpath: //h1[text()='Plugins, Code & Scripts'] : visible
[INFO ] 15-02-2023 08:50:04 [main] [Log] - waitForElementVisibleWithBy: Element By.xpath: //input[@name='term'] : visible
[INFO ] 15-02-2023 08:50:04 [main] [Log] - waitForElementVisibleWithBy: Element By.xpath: //input[@name='term'] : visible
[INFO ] 15-02-2023 08:50:05 [main] [Log] - waitForElementClickableBy: Element By.xpath: //a[contains(text(),'Best sellers')] : clickable
[INFO ] 15-02-2023 08:50:06 [main] [Log] - waitForElementVisibleWithBy: Element By.xpath: //span[text()='Best sellers'] : visible
[INFO ] 15-02-2023 08:50:06 [main] [Log] - waitForElementClickableBy: Element By.xpath: (//a[contains(@class,'add')])[1] : clickable
[INFO ] 15-02-2023 08:50:06 [main] [Log] - waitForElementClickableBy: Element By.xpath: (//a[contains(@class,'add')])[1] : clickable
[INFO ] 15-02-2023 08:50:08 [main] [Log] - waitForElementClickableBy: Element By.xpath: //button[normalize-space()='Keep Browsing'] : clickable
[INFO ] 15-02-2023 08:50:08 [main] [Log] - waitForElementClickableBy: Element By.xpath: (//a[contains(@class,'add')])[2] : clickable
[INFO ] 15-02-2023 08:50:08 [main] [Log] - waitForElementClickableBy: Element By.xpath: (//a[contains(@class,'add')])[2] : clickable
[INFO ] 15-02-2023 08:50:09 [main] [Log] - waitForElementClickableBy: Element By.xpath: //button[normalize-space()='Keep Browsing'] : clickable
[INFO ] 15-02-2023 08:50:09 [main] [Log] - waitForElementClickableBy: Element By.xpath: (//a[contains(@class,'add')])[3] : clickable
[INFO ] 15-02-2023 08:50:09 [main] [Log] - waitForElementClickableBy: Element By.xpath: (//a[contains(@class,'add')])[3] : clickable
[INFO ] 15-02-2023 08:50:10 [main] [Log] - waitForElementClickableBy: Element By.xpath: //button[normalize-space()='Keep Browsing'] : clickable
[INFO ] 15-02-2023 08:50:10 [main] [Log] - waitForElementClickableBy: Element By.xpath: (//a[contains(@class,'add')])[4] : clickable
[INFO ] 15-02-2023 08:50:10 [main] [Log] - waitForElementClickableBy: Element By.xpath: (//a[contains(@class,'add')])[4] : clickable
[INFO ] 15-02-2023 08:50:11 [main] [Log] - waitForElementClickableBy: Element By.xpath: //button[normalize-space()='Keep Browsing'] : clickable
[INFO ] 15-02-2023 08:50:11 [main] [Log] - waitForElementClickableBy: Element By.xpath: (//a[contains(@class,'add')])[5] : clickable
[INFO ] 15-02-2023 08:50:12 [main] [Log] - waitForElementClickableBy: Element By.xpath: (//a[contains(@class,'add')])[5] : clickable
[INFO ] 15-02-2023 08:50:13 [main] [Log] - waitForElementClickableBy: Element By.xpath: //button[normalize-space()='Keep Browsing'] : clickable
[INFO ] 15-02-2023 08:50:13 [main] [Log] - waitForElementClickableBy: Element By.xpath: //span[@data-controller='cart-icon'] : clickable
[INFO ] 15-02-2023 08:50:16 [main] [Log] - waitForElementClickableBy: Element By.xpath: (//input[@value='Secure Checkout'])[2] : clickable
[INFO ] 15-02-2023 08:50:21 [main] [Log] - waitForElementVisibleWithBy: Element By.xpath: //label[contains(text(),'First Name')]/following::input[1] : visible
[INFO ] 15-02-2023 08:50:21 [main] [Log] - waitForElementVisibleWithBy: Element By.xpath: //label[contains(text(),'Last Name')]/following::input[1] : visible
[INFO ] 15-02-2023 08:50:22 [main] [Log] - waitForElementVisibleWithBy: Element By.xpath: //label[contains(text(),'Email')]/following::input[1] : visible
[INFO ] 15-02-2023 08:50:22 [main] [Log] - waitForElementVisibleWithBy: Element By.xpath: //label[contains(text(),'Username')]/following::input[1] : visible
[INFO ] 15-02-2023 08:50:22 [main] [Log] - waitForElementVisibleWithBy: Element By.xpath: //label[contains(text(),'Password')]/following::input[1] : visible
[INFO ] 15-02-2023 08:50:23 [main] [Log] - waitForElementVisibleWithBy: Element By.xpath: //div[contains(@class,'total')]//h4 : visible
[INFO ] 15-02-2023 08:50:23 [main] [Log] - 
TestListener: COMPLETED TC: TC1 - PASS 
---------------------------------------------------------------
[INFO ] 15-02-2023 08:50:28 [main] [Log] - Actual URL: https://themeforest.net/
[INFO ] 15-02-2023 08:50:28 [main] [Log] - 
---------------------------------------------------------------
TestListener: START TC:  TC1
[INFO ] 15-02-2023 08:50:28 [main] [Log] - waitForElementClickableBy: Element By.xpath: //a[contains(text(),'Code')] : clickable
[INFO ] 15-02-2023 08:50:29 [main] [Log] - waitForElementClickableBy: Element By.xpath: //a[contains(text(),'All Items')] : clickable
[INFO ] 15-02-2023 08:50:29 [main] [Log] - waitForElementVisibleWithBy: Element By.xpath: //h1[text()='Plugins, Code & Scripts'] : visible
[INFO ] 15-02-2023 08:50:29 [main] [Log] - waitForElementVisibleWithBy: Element By.xpath: //input[@name='term'] : visible
[INFO ] 15-02-2023 08:50:29 [main] [Log] - waitForElementVisibleWithBy: Element By.xpath: //input[@name='term'] : visible
[INFO ] 15-02-2023 08:50:30 [main] [Log] - waitForElementClickableBy: Element By.xpath: //a[contains(text(),'Best sellers')] : clickable
[INFO ] 15-02-2023 08:50:31 [main] [Log] - waitForElementVisibleWithBy: Element By.xpath: //span[text()='Best sellers'] : visible
[INFO ] 15-02-2023 08:50:31 [main] [Log] - waitForElementClickableBy: Element By.xpath: (//a[contains(@class,'add')])[1] : clickable
[INFO ] 15-02-2023 08:50:31 [main] [Log] - waitForElementClickableBy: Element By.xpath: (//a[contains(@class,'add')])[1] : clickable
[INFO ] 15-02-2023 08:50:33 [main] [Log] - waitForElementClickableBy: Element By.xpath: //button[normalize-space()='Keep Browsing'] : clickable
[INFO ] 15-02-2023 08:50:33 [main] [Log] - waitForElementClickableBy: Element By.xpath: (//a[contains(@class,'add')])[2] : clickable
[INFO ] 15-02-2023 08:50:33 [main] [Log] - waitForElementClickableBy: Element By.xpath: (//a[contains(@class,'add')])[2] : clickable
[INFO ] 15-02-2023 08:50:33 [main] [Log] - waitForElementClickableBy: Element By.xpath: //button[normalize-space()='Keep Browsing'] : clickable
[INFO ] 15-02-2023 08:50:33 [main] [Log] - waitForElementClickableBy: Element By.xpath: (//a[contains(@class,'add')])[3] : clickable
[INFO ] 15-02-2023 08:50:33 [main] [Log] - waitForElementClickableBy: Element By.xpath: (//a[contains(@class,'add')])[3] : clickable
[INFO ] 15-02-2023 08:50:35 [main] [Log] - waitForElementClickableBy: Element By.xpath: //button[normalize-space()='Keep Browsing'] : clickable
[INFO ] 15-02-2023 08:50:35 [main] [Log] - waitForElementClickableBy: Element By.xpath: (//a[contains(@class,'add')])[4] : clickable
[INFO ] 15-02-2023 08:50:35 [main] [Log] - waitForElementClickableBy: Element By.xpath: (//a[contains(@class,'add')])[4] : clickable
[INFO ] 15-02-2023 08:50:36 [main] [Log] - waitForElementClickableBy: Element By.xpath: //button[normalize-space()='Keep Browsing'] : clickable
[INFO ] 15-02-2023 08:50:36 [main] [Log] - waitForElementClickableBy: Element By.xpath: (//a[contains(@class,'add')])[5] : clickable
[INFO ] 15-02-2023 08:50:36 [main] [Log] - waitForElementClickableBy: Element By.xpath: (//a[contains(@class,'add')])[5] : clickable
[INFO ] 15-02-2023 08:50:37 [main] [Log] - waitForElementClickableBy: Element By.xpath: //button[normalize-space()='Keep Browsing'] : clickable
[INFO ] 15-02-2023 08:50:37 [main] [Log] - waitForElementClickableBy: Element By.xpath: //span[@data-controller='cart-icon'] : clickable
[INFO ] 15-02-2023 08:50:40 [main] [Log] - waitForElementClickableBy: Element By.xpath: (//input[@value='Secure Checkout'])[2] : clickable
[INFO ] 15-02-2023 08:50:42 [main] [Log] - waitForElementVisibleWithBy: Element By.xpath: //label[contains(text(),'First Name')]/following::input[1] : visible
[INFO ] 15-02-2023 08:50:42 [main] [Log] - waitForElementVisibleWithBy: Element By.xpath: //label[contains(text(),'Last Name')]/following::input[1] : visible
[INFO ] 15-02-2023 08:50:43 [main] [Log] - waitForElementVisibleWithBy: Element By.xpath: //label[contains(text(),'Email')]/following::input[1] : visible
[INFO ] 15-02-2023 08:50:43 [main] [Log] - waitForElementVisibleWithBy: Element By.xpath: //label[contains(text(),'Username')]/following::input[1] : visible
[INFO ] 15-02-2023 08:50:44 [main] [Log] - check data input  - Actual: maixinhgaiAutoFresher ; Expected: AutoFresher -> VERIFY : false
[INFO ] 15-02-2023 08:50:44 [main] [Log] - 
TestListener: COMPLETED TC: TC1 - FAIL 
---------------------------------------------------------------
[INFO ] 15-02-2023 08:50:44 [main] [Log] - captureScreenshot: Screenshot taken current URL: https://codecanyon.net/checkout/92377799/create_account?_ga=2.244601612.821372719.1676425798-156016065.1676425798
[ERROR] 15-02-2023 08:50:44 [main] [Log] - FAILED !! Screenshot for test case: TC1
[ERROR] 15-02-2023 08:50:44 [main] [Log] - java.lang.AssertionError: expected [AutoFresher] but found [maixinhgaiAutoFresher]
[INFO ] 15-02-2023 08:50:44 [main] [Log] - TestBase: Close Driver 
[INFO ] 15-02-2023 08:50:45 [main] [Log] - 
TestListener: FINISH TESTING FOR TEST SUITE: Default Suite 
---------------------------------------------------------------
[INFO ] 15-02-2023 08:52:25 [main] [Log] - Loaded all properties files.
[INFO ] 15-02-2023 08:52:25 [main] [Log] - TestBase: Properties For Testing:
{databaseName=KETOAN_AUTO_HOADON, language=vi, exportVideoPath=ExportData/Videos, open_reports_after_execution=no, screenshot_all_steps=no, WAIT_DEFAULT=10, testing_version=1.0, CHROME_DRIVER=, author=MISA, reportTitle=AMIS ACCOUNTING | Automation Report, video_record=no, zip_folder=no, exportCapturePath=ExportData/Images, WAIT_PAGE_LOADED=30, projectName=AMIS ACCOUNTING, WAIT_EXPLICIT=10, extentReportFolder=ExtentReports, draw_border_err_element=yes, WAIT_IMPLICIT=3, extentReportName=ExtentReports, tfslink=http://tfs2017-01:8080/tfs/defaultcollection/SMECLOUD/_workitems?id=, loginExcelDataPath=src/test/resources/datatest/amisaccounting/LoginData.xlsx, screenshot_failed_steps=yes, browser=chrome, remote_url=localhost, remote_port=4444, screenshot_passed_steps=no, override_reports=yes, target=local, headless=false, ACTIVE_PAGE_LOADED=true, WAIT_SLEEP_STEP=1, screenshot_skipped_steps=yes, send_email_to_users=no}
[INFO ] 15-02-2023 08:52:25 [main] [Log] - 
---------------------------------------------------------------
TestListener: TESTING FOR TEST SUITE: Default Suite
---------------------------------------------------------------
[INFO ] 15-02-2023 08:52:26 [main] [WebDriverManager] - Using chromedriver 109.0.5414.74 (resolved driver for Chrome 109)
[INFO ] 15-02-2023 08:52:26 [main] [WebDriverManager] - Exporting webdriver.chrome.driver as C:\Users\ADMIN\.cache\selenium\chromedriver\win32\109.0.5414.74\chromedriver.exe
[INFO ] 15-02-2023 08:52:34 [main] [Log] - Actual URL: https://themeforest.net/
[INFO ] 15-02-2023 08:52:34 [main] [Log] - 
---------------------------------------------------------------
TestListener: START TC:  TC1
[INFO ] 15-02-2023 08:52:35 [main] [Log] - waitForElementClickableBy: Element By.xpath: //a[contains(text(),'Code')] : clickable
[INFO ] 15-02-2023 08:52:41 [main] [Log] - waitForElementClickableBy: Element By.xpath: //a[contains(text(),'All Items')] : clickable
[ERROR] 15-02-2023 08:52:51 [main] [Log] - waitForElementVisibleWithBy: Element By.xpath: //h1[text()='Plugins, Code & Scripts'] : invisible 
[INFO ] 15-02-2023 08:52:51 [main] [Log] - 
TestListener: COMPLETED TC: TC1 - FAIL 
---------------------------------------------------------------
[INFO ] 15-02-2023 08:52:52 [main] [Log] - captureScreenshot: Screenshot taken current URL: https://codecanyon.net/category/all
[ERROR] 15-02-2023 08:52:52 [main] [Log] - FAILED !! Screenshot for test case: TC1
[ERROR] 15-02-2023 08:52:52 [main] [Log] - java.lang.NullPointerException
[INFO ] 15-02-2023 08:52:57 [main] [Log] - Actual URL: https://themeforest.net/
[INFO ] 15-02-2023 08:52:57 [main] [Log] - 
---------------------------------------------------------------
TestListener: START TC:  TC1
[INFO ] 15-02-2023 08:52:57 [main] [Log] - waitForElementClickableBy: Element By.xpath: //a[contains(text(),'Code')] : clickable
[INFO ] 15-02-2023 08:52:58 [main] [Log] - waitForElementClickableBy: Element By.xpath: //a[contains(text(),'All Items')] : clickable
[INFO ] 15-02-2023 08:52:59 [main] [Log] - waitForElementVisibleWithBy: Element By.xpath: //h1[text()='Plugins, Code & Scripts'] : visible
[INFO ] 15-02-2023 08:52:59 [main] [Log] - waitForElementVisibleWithBy: Element By.xpath: //input[@name='term'] : visible
[INFO ] 15-02-2023 08:52:59 [main] [Log] - waitForElementVisibleWithBy: Element By.xpath: //input[@name='term'] : visible
[INFO ] 15-02-2023 08:53:00 [main] [Log] - waitForElementClickableBy: Element By.xpath: //a[contains(text(),'Best sellers')] : clickable
[INFO ] 15-02-2023 08:53:01 [main] [Log] - waitForElementVisibleWithBy: Element By.xpath: //span[text()='Best sellers'] : visible
[INFO ] 15-02-2023 08:53:01 [main] [Log] - waitForElementClickableBy: Element By.xpath: (//a[contains(@class,'add')])[1] : clickable
[INFO ] 15-02-2023 08:53:01 [main] [Log] - waitForElementClickableBy: Element By.xpath: (//a[contains(@class,'add')])[1] : clickable
[INFO ] 15-02-2023 08:53:02 [main] [Log] - waitForElementClickableBy: Element By.xpath: //button[normalize-space()='Keep Browsing'] : clickable
[INFO ] 15-02-2023 08:53:03 [main] [Log] - waitForElementClickableBy: Element By.xpath: (//a[contains(@class,'add')])[2] : clickable
[INFO ] 15-02-2023 08:53:03 [main] [Log] - waitForElementClickableBy: Element By.xpath: (//a[contains(@class,'add')])[2] : clickable
[INFO ] 15-02-2023 08:53:04 [main] [Log] - waitForElementClickableBy: Element By.xpath: //button[normalize-space()='Keep Browsing'] : clickable
[INFO ] 15-02-2023 08:53:04 [main] [Log] - waitForElementClickableBy: Element By.xpath: (//a[contains(@class,'add')])[3] : clickable
[INFO ] 15-02-2023 08:53:04 [main] [Log] - waitForElementClickableBy: Element By.xpath: (//a[contains(@class,'add')])[3] : clickable
[INFO ] 15-02-2023 08:53:05 [main] [Log] - waitForElementClickableBy: Element By.xpath: //button[normalize-space()='Keep Browsing'] : clickable
[INFO ] 15-02-2023 08:53:05 [main] [Log] - waitForElementClickableBy: Element By.xpath: (//a[contains(@class,'add')])[4] : clickable
[INFO ] 15-02-2023 08:53:05 [main] [Log] - waitForElementClickableBy: Element By.xpath: (//a[contains(@class,'add')])[4] : clickable
[INFO ] 15-02-2023 08:53:06 [main] [Log] - waitForElementClickableBy: Element By.xpath: //button[normalize-space()='Keep Browsing'] : clickable
[INFO ] 15-02-2023 08:53:06 [main] [Log] - waitForElementClickableBy: Element By.xpath: (//a[contains(@class,'add')])[5] : clickable
[INFO ] 15-02-2023 08:53:06 [main] [Log] - waitForElementClickableBy: Element By.xpath: (//a[contains(@class,'add')])[5] : clickable
[INFO ] 15-02-2023 08:53:07 [main] [Log] - waitForElementClickableBy: Element By.xpath: //button[normalize-space()='Keep Browsing'] : clickable
[INFO ] 15-02-2023 08:53:07 [main] [Log] - waitForElementClickableBy: Element By.xpath: //span[@data-controller='cart-icon'] : clickable
[INFO ] 15-02-2023 08:53:09 [main] [Log] - waitForElementClickableBy: Element By.xpath: (//input[@value='Secure Checkout'])[2] : clickable
[INFO ] 15-02-2023 08:53:12 [main] [Log] - waitForElementVisibleWithBy: Element By.xpath: //label[contains(text(),'First Name')]/following::input[1] : visible
[INFO ] 15-02-2023 08:53:13 [main] [Log] - waitForElementVisibleWithBy: Element By.xpath: //label[contains(text(),'Last Name')]/following::input[1] : visible
[INFO ] 15-02-2023 08:53:13 [main] [Log] - waitForElementVisibleWithBy: Element By.xpath: //label[contains(text(),'Email')]/following::input[1] : visible
[INFO ] 15-02-2023 08:53:13 [main] [Log] - waitForElementVisibleWithBy: Element By.xpath: //label[contains(text(),'Username')]/following::input[1] : visible
[INFO ] 15-02-2023 08:53:14 [main] [Log] - waitForElementVisibleWithBy: Element By.xpath: //label[contains(text(),'Password')]/following::input[1] : visible
[INFO ] 15-02-2023 08:53:14 [main] [Log] - waitForElementVisibleWithBy: Element By.xpath: //div[contains(@class,'total')]//h4 : visible
[INFO ] 15-02-2023 08:53:14 [main] [Log] - 
TestListener: COMPLETED TC: TC1 - PASS 
---------------------------------------------------------------
[INFO ] 15-02-2023 08:53:14 [main] [Log] - TestBase: Close Driver 
[INFO ] 15-02-2023 08:53:15 [main] [Log] - 
TestListener: FINISH TESTING FOR TEST SUITE: Default Suite 
---------------------------------------------------------------
[INFO ] 15-02-2023 08:54:36 [main] [Log] - Loaded all properties files.
[INFO ] 15-02-2023 08:54:36 [main] [Log] - TestBase: Properties For Testing:
{databaseName=KETOAN_AUTO_HOADON, language=vi, exportVideoPath=ExportData/Videos, open_reports_after_execution=no, screenshot_all_steps=no, WAIT_DEFAULT=10, testing_version=1.0, CHROME_DRIVER=, author=MISA, reportTitle=AMIS ACCOUNTING | Automation Report, video_record=no, zip_folder=no, exportCapturePath=ExportData/Images, WAIT_PAGE_LOADED=30, projectName=AMIS ACCOUNTING, WAIT_EXPLICIT=10, extentReportFolder=ExtentReports, draw_border_err_element=yes, WAIT_IMPLICIT=3, extentReportName=ExtentReports, tfslink=http://tfs2017-01:8080/tfs/defaultcollection/SMECLOUD/_workitems?id=, loginExcelDataPath=src/test/resources/datatest/amisaccounting/LoginData.xlsx, screenshot_failed_steps=yes, browser=chrome, remote_url=localhost, remote_port=4444, screenshot_passed_steps=no, override_reports=yes, target=local, headless=false, ACTIVE_PAGE_LOADED=true, WAIT_SLEEP_STEP=1, screenshot_skipped_steps=yes, send_email_to_users=no}
[INFO ] 15-02-2023 08:54:36 [main] [Log] - 
---------------------------------------------------------------
TestListener: TESTING FOR TEST SUITE: Default Suite
---------------------------------------------------------------
[INFO ] 15-02-2023 08:54:37 [main] [WebDriverManager] - Using chromedriver 109.0.5414.74 (resolved driver for Chrome 109)
[INFO ] 15-02-2023 08:54:37 [main] [WebDriverManager] - Exporting webdriver.chrome.driver as C:\Users\ADMIN\.cache\selenium\chromedriver\win32\109.0.5414.74\chromedriver.exe
[INFO ] 15-02-2023 08:54:45 [main] [Log] - Actual URL: https://themeforest.net/
[INFO ] 15-02-2023 08:54:45 [main] [Log] - 
---------------------------------------------------------------
TestListener: START TC:  TC1
[INFO ] 15-02-2023 08:54:46 [main] [Log] - waitForElementClickableBy: Element By.xpath: //a[contains(text(),'Code')] : clickable
[INFO ] 15-02-2023 08:54:47 [main] [Log] - waitForElementClickableBy: Element By.xpath: //a[contains(text(),'All Items')] : clickable
[INFO ] 15-02-2023 08:54:48 [main] [Log] - waitForElementVisibleWithBy: Element By.xpath: //h1[text()='Plugins, Code & Scripts'] : visible
[INFO ] 15-02-2023 08:54:48 [main] [Log] - waitForElementVisibleWithBy: Element By.xpath: //input[@name='term'] : visible
[INFO ] 15-02-2023 08:54:48 [main] [Log] - waitForElementVisibleWithBy: Element By.xpath: //input[@name='term'] : visible
[INFO ] 15-02-2023 08:54:49 [main] [Log] - waitForElementClickableBy: Element By.xpath: //a[contains(text(),'Best sellers')] : clickable
[INFO ] 15-02-2023 08:54:49 [main] [Log] - waitForElementVisibleWithBy: Element By.xpath: //span[text()='Best sellers'] : visible
[INFO ] 15-02-2023 08:54:50 [main] [Log] - waitForElementClickableBy: Element By.xpath: (//a[contains(@class,'add')])[1] : clickable
[INFO ] 15-02-2023 08:54:50 [main] [Log] - waitForElementClickableBy: Element By.xpath: (//a[contains(@class,'add')])[1] : clickable
[INFO ] 15-02-2023 08:54:51 [main] [Log] - waitForElementClickableBy: Element By.xpath: //button[normalize-space()='Keep Browsing'] : clickable
[INFO ] 15-02-2023 08:54:51 [main] [Log] - waitForElementClickableBy: Element By.xpath: (//a[contains(@class,'add')])[2] : clickable
[INFO ] 15-02-2023 08:54:51 [main] [Log] - waitForElementClickableBy: Element By.xpath: (//a[contains(@class,'add')])[2] : clickable
[INFO ] 15-02-2023 08:54:53 [main] [Log] - waitForElementClickableBy: Element By.xpath: //button[normalize-space()='Keep Browsing'] : clickable
[INFO ] 15-02-2023 08:54:53 [main] [Log] - waitForElementClickableBy: Element By.xpath: (//a[contains(@class,'add')])[3] : clickable
[INFO ] 15-02-2023 08:54:53 [main] [Log] - waitForElementClickableBy: Element By.xpath: (//a[contains(@class,'add')])[3] : clickable
[INFO ] 15-02-2023 08:54:54 [main] [Log] - waitForElementClickableBy: Element By.xpath: //button[normalize-space()='Keep Browsing'] : clickable
[INFO ] 15-02-2023 08:54:54 [main] [Log] - waitForElementClickableBy: Element By.xpath: (//a[contains(@class,'add')])[4] : clickable
[INFO ] 15-02-2023 08:54:54 [main] [Log] - waitForElementClickableBy: Element By.xpath: (//a[contains(@class,'add')])[4] : clickable
[INFO ] 15-02-2023 08:54:55 [main] [Log] - waitForElementClickableBy: Element By.xpath: //button[normalize-space()='Keep Browsing'] : clickable
[INFO ] 15-02-2023 08:54:55 [main] [Log] - waitForElementClickableBy: Element By.xpath: (//a[contains(@class,'add')])[5] : clickable
[INFO ] 15-02-2023 08:54:55 [main] [Log] - waitForElementClickableBy: Element By.xpath: (//a[contains(@class,'add')])[5] : clickable
[INFO ] 15-02-2023 08:54:56 [main] [Log] - waitForElementClickableBy: Element By.xpath: //button[normalize-space()='Keep Browsing'] : clickable
[INFO ] 15-02-2023 08:54:56 [main] [Log] - waitForElementClickableBy: Element By.xpath: //span[@data-controller='cart-icon'] : clickable
[INFO ] 15-02-2023 08:54:58 [main] [Log] - waitForElementClickableBy: Element By.xpath: (//input[@value='Secure Checkout'])[2] : clickable
[INFO ] 15-02-2023 08:55:02 [main] [Log] - waitForElementVisibleWithBy: Element By.xpath: //label[contains(text(),'First Name')]/following::input[1] : visible
[INFO ] 15-02-2023 08:55:02 [main] [Log] - waitForElementVisibleWithBy: Element By.xpath: //label[contains(text(),'Last Name')]/following::input[1] : visible
[INFO ] 15-02-2023 08:55:02 [main] [Log] - waitForElementVisibleWithBy: Element By.xpath: //label[contains(text(),'Email')]/following::input[1] : visible
[INFO ] 15-02-2023 08:55:03 [main] [Log] - waitForElementVisibleWithBy: Element By.xpath: //label[contains(text(),'Username')]/following::input[1] : visible
[INFO ] 15-02-2023 08:55:03 [main] [Log] - waitForElementVisibleWithBy: Element By.xpath: //label[contains(text(),'Password')]/following::input[1] : visible
[INFO ] 15-02-2023 08:55:04 [main] [Log] - waitForElementVisibleWithBy: Element By.xpath: //div[contains(@class,'total')]//h4 : visible
[INFO ] 15-02-2023 08:55:04 [main] [Log] - 
TestListener: COMPLETED TC: TC1 - PASS 
---------------------------------------------------------------
[INFO ] 15-02-2023 08:55:10 [main] [Log] - Actual URL: https://themeforest.net/
[INFO ] 15-02-2023 08:55:10 [main] [Log] - 
---------------------------------------------------------------
TestListener: START TC:  TC1
[INFO ] 15-02-2023 08:55:10 [main] [Log] - waitForElementClickableBy: Element By.xpath: //a[contains(text(),'Code')] : clickable
[INFO ] 15-02-2023 08:55:12 [main] [Log] - waitForElementClickableBy: Element By.xpath: //a[contains(text(),'All Items')] : clickable
[INFO ] 15-02-2023 08:55:12 [main] [Log] - waitForElementVisibleWithBy: Element By.xpath: //h1[text()='Plugins, Code & Scripts'] : visible
[INFO ] 15-02-2023 08:55:12 [main] [Log] - waitForElementVisibleWithBy: Element By.xpath: //input[@name='term'] : visible
[INFO ] 15-02-2023 08:55:13 [main] [Log] - waitForElementVisibleWithBy: Element By.xpath: //input[@name='term'] : visible
[INFO ] 15-02-2023 08:55:13 [main] [Log] - waitForElementClickableBy: Element By.xpath: //a[contains(text(),'Best sellers')] : clickable
[INFO ] 15-02-2023 08:55:14 [main] [Log] - waitForElementVisibleWithBy: Element By.xpath: //span[text()='Best sellers'] : visible
[INFO ] 15-02-2023 08:55:14 [main] [Log] - waitForElementClickableBy: Element By.xpath: (//a[contains(@class,'add')])[1] : clickable
[INFO ] 15-02-2023 08:55:14 [main] [Log] - waitForElementClickableBy: Element By.xpath: (//a[contains(@class,'add')])[1] : clickable
[INFO ] 15-02-2023 08:55:16 [main] [Log] - waitForElementClickableBy: Element By.xpath: //button[normalize-space()='Keep Browsing'] : clickable
[INFO ] 15-02-2023 08:55:16 [main] [Log] - waitForElementClickableBy: Element By.xpath: (//a[contains(@class,'add')])[2] : clickable
[INFO ] 15-02-2023 08:55:16 [main] [Log] - waitForElementClickableBy: Element By.xpath: (//a[contains(@class,'add')])[2] : clickable
[INFO ] 15-02-2023 08:55:17 [main] [Log] - waitForElementClickableBy: Element By.xpath: //button[normalize-space()='Keep Browsing'] : clickable
[INFO ] 15-02-2023 08:55:17 [main] [Log] - waitForElementClickableBy: Element By.xpath: (//a[contains(@class,'add')])[3] : clickable
[INFO ] 15-02-2023 08:55:18 [main] [Log] - waitForElementClickableBy: Element By.xpath: (//a[contains(@class,'add')])[3] : clickable
[INFO ] 15-02-2023 08:55:19 [main] [Log] - waitForElementClickableBy: Element By.xpath: //button[normalize-space()='Keep Browsing'] : clickable
[INFO ] 15-02-2023 08:55:19 [main] [Log] - waitForElementClickableBy: Element By.xpath: (//a[contains(@class,'add')])[4] : clickable
[INFO ] 15-02-2023 08:55:19 [main] [Log] - waitForElementClickableBy: Element By.xpath: (//a[contains(@class,'add')])[4] : clickable
[INFO ] 15-02-2023 08:55:20 [main] [Log] - waitForElementClickableBy: Element By.xpath: //button[normalize-space()='Keep Browsing'] : clickable
[INFO ] 15-02-2023 08:55:21 [main] [Log] - waitForElementClickableBy: Element By.xpath: (//a[contains(@class,'add')])[5] : clickable
[INFO ] 15-02-2023 08:55:21 [main] [Log] - waitForElementClickableBy: Element By.xpath: (//a[contains(@class,'add')])[5] : clickable
[INFO ] 15-02-2023 08:55:22 [main] [Log] - waitForElementClickableBy: Element By.xpath: //button[normalize-space()='Keep Browsing'] : clickable
[INFO ] 15-02-2023 08:55:22 [main] [Log] - waitForElementClickableBy: Element By.xpath: //span[@data-controller='cart-icon'] : clickable
[INFO ] 15-02-2023 08:55:25 [main] [Log] - waitForElementClickableBy: Element By.xpath: (//input[@value='Secure Checkout'])[2] : clickable
[INFO ] 15-02-2023 08:55:28 [main] [Log] - waitForElementVisibleWithBy: Element By.xpath: //label[contains(text(),'First Name')]/following::input[1] : visible
[INFO ] 15-02-2023 08:55:28 [main] [Log] - waitForElementVisibleWithBy: Element By.xpath: //label[contains(text(),'Last Name')]/following::input[1] : visible
[INFO ] 15-02-2023 08:55:28 [main] [Log] - waitForElementVisibleWithBy: Element By.xpath: //label[contains(text(),'Email')]/following::input[1] : visible
[INFO ] 15-02-2023 08:55:29 [main] [Log] - waitForElementVisibleWithBy: Element By.xpath: //label[contains(text(),'Username')]/following::input[1] : visible
[INFO ] 15-02-2023 08:55:29 [main] [Log] - check data input  - Actual: maixinhgaiAutoFresher ; Expected: AutoFresher -> VERIFY : false
[INFO ] 15-02-2023 08:55:29 [main] [Log] - 
TestListener: COMPLETED TC: TC1 - FAIL 
---------------------------------------------------------------
[INFO ] 15-02-2023 08:55:30 [main] [Log] - captureScreenshot: Screenshot taken current URL: https://codecanyon.net/checkout/92377864/create_account?_ga=2.218964185.1968707953.1676426083-431127898.1676426083
[ERROR] 15-02-2023 08:55:30 [main] [Log] - FAILED !! Screenshot for test case: TC1
[ERROR] 15-02-2023 08:55:30 [main] [Log] - java.lang.AssertionError: expected [AutoFresher] but found [maixinhgaiAutoFresher]
[INFO ] 15-02-2023 08:55:30 [main] [Log] - TestBase: Close Driver 
[INFO ] 15-02-2023 08:55:31 [main] [Log] - 
TestListener: FINISH TESTING FOR TEST SUITE: Default Suite 
---------------------------------------------------------------
[INFO ] 15-02-2023 08:58:45 [main] [Log] - Loaded all properties files.
[INFO ] 15-02-2023 08:58:45 [main] [Log] - TestBase: Properties For Testing:
{databaseName=KETOAN_AUTO_HOADON, language=vi, exportVideoPath=ExportData/Videos, open_reports_after_execution=no, screenshot_all_steps=no, WAIT_DEFAULT=10, testing_version=1.0, CHROME_DRIVER=, author=MISA, reportTitle=AMIS ACCOUNTING | Automation Report, video_record=no, zip_folder=no, exportCapturePath=ExportData/Images, WAIT_PAGE_LOADED=30, projectName=AMIS ACCOUNTING, WAIT_EXPLICIT=10, extentReportFolder=ExtentReports, draw_border_err_element=yes, WAIT_IMPLICIT=3, extentReportName=ExtentReports, tfslink=http://tfs2017-01:8080/tfs/defaultcollection/SMECLOUD/_workitems?id=, loginExcelDataPath=src/test/resources/datatest/amisaccounting/LoginData.xlsx, screenshot_failed_steps=yes, browser=chrome, remote_url=localhost, remote_port=4444, screenshot_passed_steps=no, override_reports=yes, target=local, headless=false, ACTIVE_PAGE_LOADED=true, WAIT_SLEEP_STEP=1, screenshot_skipped_steps=yes, send_email_to_users=no}
[INFO ] 15-02-2023 08:58:45 [main] [Log] - 
---------------------------------------------------------------
TestListener: TESTING FOR TEST SUITE: Default Suite
---------------------------------------------------------------
[INFO ] 15-02-2023 08:58:46 [main] [WebDriverManager] - Using chromedriver 109.0.5414.74 (resolved driver for Chrome 109)
[INFO ] 15-02-2023 08:58:46 [main] [WebDriverManager] - Exporting webdriver.chrome.driver as C:\Users\ADMIN\.cache\selenium\chromedriver\win32\109.0.5414.74\chromedriver.exe
[INFO ] 15-02-2023 08:58:54 [main] [Log] - Actual URL: https://themeforest.net/
[INFO ] 15-02-2023 08:58:54 [main] [Log] - 
---------------------------------------------------------------
TestListener: START TC:  TC1
[INFO ] 15-02-2023 08:58:54 [main] [Log] - waitForElementClickableBy: Element By.xpath: //a[contains(text(),'Code')] : clickable
[INFO ] 15-02-2023 08:58:56 [main] [Log] - waitForElementClickableBy: Element By.xpath: //a[contains(text(),'All Items')] : clickable
[INFO ] 15-02-2023 08:58:57 [main] [Log] - waitForElementVisibleWithBy: Element By.xpath: //h1[text()='Plugins, Code & Scripts'] : visible
[INFO ] 15-02-2023 08:58:57 [main] [Log] - waitForElementVisibleWithBy: Element By.xpath: //input[@name='term'] : visible
[INFO ] 15-02-2023 08:58:57 [main] [Log] - waitForElementVisibleWithBy: Element By.xpath: //input[@name='term'] : visible
[INFO ] 15-02-2023 08:58:58 [main] [Log] - waitForElementClickableBy: Element By.xpath: //a[contains(text(),'Best sellers')] : clickable
[INFO ] 15-02-2023 08:58:58 [main] [Log] - waitForElementVisibleWithBy: Element By.xpath: //span[text()='Best sellers'] : visible
[INFO ] 15-02-2023 08:58:59 [main] [Log] - waitForElementClickableBy: Element By.xpath: (//a[contains(@class,'add')])[1] : clickable
[INFO ] 15-02-2023 08:58:59 [main] [Log] - waitForElementClickableBy: Element By.xpath: (//a[contains(@class,'add')])[1] : clickable
[INFO ] 15-02-2023 08:59:00 [main] [Log] - waitForElementClickableBy: Element By.xpath: //button[normalize-space()='Keep Browsing'] : clickable
[INFO ] 15-02-2023 08:59:00 [main] [Log] - waitForElementClickableBy: Element By.xpath: (//a[contains(@class,'add')])[2] : clickable
[INFO ] 15-02-2023 08:59:00 [main] [Log] - waitForElementClickableBy: Element By.xpath: (//a[contains(@class,'add')])[2] : clickable
[INFO ] 15-02-2023 08:59:01 [main] [Log] - waitForElementClickableBy: Element By.xpath: //button[normalize-space()='Keep Browsing'] : clickable
[INFO ] 15-02-2023 08:59:01 [main] [Log] - waitForElementClickableBy: Element By.xpath: (//a[contains(@class,'add')])[3] : clickable
[INFO ] 15-02-2023 08:59:01 [main] [Log] - waitForElementClickableBy: Element By.xpath: (//a[contains(@class,'add')])[3] : clickable
[INFO ] 15-02-2023 08:59:01 [main] [Log] - waitForElementClickableBy: Element By.xpath: //button[normalize-space()='Keep Browsing'] : clickable
[INFO ] 15-02-2023 08:59:01 [main] [Log] - waitForElementClickableBy: Element By.xpath: (//a[contains(@class,'add')])[4] : clickable
[INFO ] 15-02-2023 08:59:01 [main] [Log] - waitForElementClickableBy: Element By.xpath: (//a[contains(@class,'add')])[4] : clickable
[INFO ] 15-02-2023 08:59:02 [main] [Log] - waitForElementClickableBy: Element By.xpath: //button[normalize-space()='Keep Browsing'] : clickable
[INFO ] 15-02-2023 08:59:02 [main] [Log] - waitForElementClickableBy: Element By.xpath: (//a[contains(@class,'add')])[5] : clickable
[INFO ] 15-02-2023 08:59:02 [main] [Log] - waitForElementClickableBy: Element By.xpath: (//a[contains(@class,'add')])[5] : clickable
[INFO ] 15-02-2023 08:59:03 [main] [Log] - waitForElementClickableBy: Element By.xpath: //button[normalize-space()='Keep Browsing'] : clickable
[INFO ] 15-02-2023 08:59:03 [main] [Log] - waitForElementClickableBy: Element By.xpath: //span[@data-controller='cart-icon'] : clickable
[INFO ] 15-02-2023 08:59:05 [main] [Log] - waitForElementClickableBy: Element By.xpath: (//input[@value='Secure Checkout'])[2] : clickable
[INFO ] 15-02-2023 08:59:08 [main] [Log] - waitForElementVisibleWithBy: Element By.xpath: //label[contains(text(),'First Name')]/following::input[1] : visible
[INFO ] 15-02-2023 08:59:09 [main] [Log] - waitForElementVisibleWithBy: Element By.xpath: //label[contains(text(),'Last Name')]/following::input[1] : visible
[INFO ] 15-02-2023 08:59:09 [main] [Log] - waitForElementVisibleWithBy: Element By.xpath: //label[contains(text(),'Email')]/following::input[1] : visible
[INFO ] 15-02-2023 08:59:09 [main] [Log] - waitForElementVisibleWithBy: Element By.xpath: //label[contains(text(),'Username')]/following::input[1] : visible
[INFO ] 15-02-2023 08:59:10 [main] [Log] - waitForElementVisibleWithBy: Element By.xpath: //label[contains(text(),'Password')]/following::input[1] : visible
[INFO ] 15-02-2023 08:59:10 [main] [Log] - waitForElementVisibleWithBy: Element By.xpath: //div[contains(@class,'total')]//h4 : visible
[INFO ] 15-02-2023 08:59:10 [main] [Log] - 
TestListener: COMPLETED TC: TC1 - PASS 
---------------------------------------------------------------
[INFO ] 15-02-2023 08:59:15 [main] [Log] - Actual URL: https://themeforest.net/
[INFO ] 15-02-2023 08:59:15 [main] [Log] - 
---------------------------------------------------------------
TestListener: START TC:  TC1
[INFO ] 15-02-2023 08:59:15 [main] [Log] - waitForElementClickableBy: Element By.xpath: //a[contains(text(),'Code')] : clickable
[INFO ] 15-02-2023 08:59:18 [main] [Log] - waitForElementClickableBy: Element By.xpath: //a[contains(text(),'All Items')] : clickable
[INFO ] 15-02-2023 08:59:18 [main] [Log] - waitForElementVisibleWithBy: Element By.xpath: //h1[text()='Plugins, Code & Scripts'] : visible
[INFO ] 15-02-2023 08:59:18 [main] [Log] - waitForElementVisibleWithBy: Element By.xpath: //input[@name='term'] : visible
[INFO ] 15-02-2023 08:59:18 [main] [Log] - waitForElementVisibleWithBy: Element By.xpath: //input[@name='term'] : visible
[INFO ] 15-02-2023 08:59:19 [main] [Log] - waitForElementClickableBy: Element By.xpath: //a[contains(text(),'Best sellers')] : clickable
[INFO ] 15-02-2023 08:59:20 [main] [Log] - waitForElementVisibleWithBy: Element By.xpath: //span[text()='Best sellers'] : visible
[INFO ] 15-02-2023 08:59:20 [main] [Log] - waitForElementClickableBy: Element By.xpath: (//a[contains(@class,'add')])[1] : clickable
[INFO ] 15-02-2023 08:59:20 [main] [Log] - waitForElementClickableBy: Element By.xpath: (//a[contains(@class,'add')])[1] : clickable
[INFO ] 15-02-2023 08:59:22 [main] [Log] - waitForElementClickableBy: Element By.xpath: //button[normalize-space()='Keep Browsing'] : clickable
[INFO ] 15-02-2023 08:59:22 [main] [Log] - waitForElementClickableBy: Element By.xpath: (//a[contains(@class,'add')])[2] : clickable
[INFO ] 15-02-2023 08:59:22 [main] [Log] - waitForElementClickableBy: Element By.xpath: (//a[contains(@class,'add')])[2] : clickable
[INFO ] 15-02-2023 08:59:22 [main] [Log] - waitForElementClickableBy: Element By.xpath: //button[normalize-space()='Keep Browsing'] : clickable
[INFO ] 15-02-2023 08:59:22 [main] [Log] - waitForElementClickableBy: Element By.xpath: (//a[contains(@class,'add')])[3] : clickable
[INFO ] 15-02-2023 08:59:22 [main] [Log] - waitForElementClickableBy: Element By.xpath: (//a[contains(@class,'add')])[3] : clickable
[INFO ] 15-02-2023 08:59:24 [main] [Log] - waitForElementClickableBy: Element By.xpath: //button[normalize-space()='Keep Browsing'] : clickable
[INFO ] 15-02-2023 08:59:24 [main] [Log] - waitForElementClickableBy: Element By.xpath: (//a[contains(@class,'add')])[4] : clickable
[INFO ] 15-02-2023 08:59:24 [main] [Log] - waitForElementClickableBy: Element By.xpath: (//a[contains(@class,'add')])[4] : clickable
[INFO ] 15-02-2023 08:59:24 [main] [Log] - waitForElementClickableBy: Element By.xpath: //button[normalize-space()='Keep Browsing'] : clickable
[INFO ] 15-02-2023 08:59:24 [main] [Log] - waitForElementClickableBy: Element By.xpath: (//a[contains(@class,'add')])[5] : clickable
[INFO ] 15-02-2023 08:59:24 [main] [Log] - waitForElementClickableBy: Element By.xpath: (//a[contains(@class,'add')])[5] : clickable
[INFO ] 15-02-2023 08:59:25 [main] [Log] - waitForElementClickableBy: Element By.xpath: //button[normalize-space()='Keep Browsing'] : clickable
[INFO ] 15-02-2023 08:59:25 [main] [Log] - waitForElementClickableBy: Element By.xpath: //span[@data-controller='cart-icon'] : clickable
[INFO ] 15-02-2023 08:59:27 [main] [Log] - waitForElementClickableBy: Element By.xpath: (//input[@value='Secure Checkout'])[2] : clickable
[INFO ] 15-02-2023 08:59:29 [main] [Log] - waitForElementVisibleWithBy: Element By.xpath: //label[contains(text(),'First Name')]/following::input[1] : visible
[INFO ] 15-02-2023 08:59:30 [main] [Log] - waitForElementVisibleWithBy: Element By.xpath: //label[contains(text(),'Last Name')]/following::input[1] : visible
[INFO ] 15-02-2023 08:59:30 [main] [Log] - waitForElementVisibleWithBy: Element By.xpath: //label[contains(text(),'Email')]/following::input[1] : visible
[INFO ] 15-02-2023 08:59:30 [main] [Log] - waitForElementVisibleWithBy: Element By.xpath: //label[contains(text(),'Username')]/following::input[1] : visible
[INFO ] 15-02-2023 08:59:31 [main] [Log] - waitForElementVisibleWithBy: Element By.xpath: //label[contains(text(),'Password')]/following::input[1] : visible
[INFO ] 15-02-2023 08:59:31 [main] [Log] - waitForElementVisibleWithBy: Element By.xpath: //div[contains(@class,'total')]//h4 : visible
[INFO ] 15-02-2023 08:59:31 [main] [Log] - 
TestListener: COMPLETED TC: TC1 - PASS 
---------------------------------------------------------------
[INFO ] 15-02-2023 08:59:31 [main] [Log] - TestBase: Close Driver 
[INFO ] 15-02-2023 08:59:32 [main] [Log] - 
TestListener: FINISH TESTING FOR TEST SUITE: Default Suite 
---------------------------------------------------------------
