[INFO ] 18-02-2023 22:32:16 [main] [Log] - Loaded all properties files.
[INFO ] 18-02-2023 22:32:16 [main] [Log] - TestBase: Properties For Testing:
{databaseName=KETOAN_AUTO_HOADON, language=vi, exportVideoPath=ExportData/Videos, open_reports_after_execution=no, screenshot_all_steps=no, WAIT_DEFAULT=10, testing_version=1.0, CHROME_DRIVER=, author=MISA, reportTitle=AMIS ACCOUNTING | Automation Report, video_record=no, zip_folder=no, exportCapturePath=ExportData/Images, WAIT_PAGE_LOADED=30, projectName=AMIS ACCOUNTING, WAIT_EXPLICIT=10, extentReportFolder=ExtentReports, draw_border_err_element=yes, WAIT_IMPLICIT=3, extentReportName=ExtentReports, tfslink=http://tfs2017-01:8080/tfs/defaultcollection/SMECLOUD/_workitems?id=, loginExcelDataPath=src/test/resources/datatest/amisaccounting/LoginData.xlsx, screenshot_failed_steps=yes, browser=chrome, remote_url=localhost, remote_port=4444, screenshot_passed_steps=no, override_reports=yes, target=local, headless=false, ACTIVE_PAGE_LOADED=true, WAIT_SLEEP_STEP=1, screenshot_skipped_steps=yes, send_email_to_users=no}
[INFO ] 18-02-2023 22:32:16 [main] [Log] - 
---------------------------------------------------------------
TestListener: TESTING FOR TEST SUITE: Default Suite
---------------------------------------------------------------
[INFO ] 18-02-2023 22:32:18 [main] [WebDriverManager] - Using chromedriver 109.0.5414.74 (resolved driver for Chrome 109)
[INFO ] 18-02-2023 22:32:18 [main] [WebDriverManager] - Exporting webdriver.chrome.driver as C:\Users\ADMIN\.cache\selenium\chromedriver\win32\109.0.5414.74\chromedriver.exe
[INFO ] 18-02-2023 22:32:29 [main] [Log] - Actual URL: https://themeforest.net/
[INFO ] 18-02-2023 22:32:29 [main] [Log] - 
---------------------------------------------------------------
TestListener: START TC:  TC1
[INFO ] 18-02-2023 22:32:29 [main] [Log] - waitForElementClickableBy: Element By.xpath: //a[contains(text(),'Code')] : clickable
[INFO ] 18-02-2023 22:32:31 [main] [Log] - waitForElementClickableBy: Element By.xpath: //a[contains(text(),'All Items')] : clickable
[INFO ] 18-02-2023 22:32:32 [main] [Log] - waitForElementVisibleWithBy: Element By.xpath: //h1[text()='Plugins, Code & Scripts'] : visible
[INFO ] 18-02-2023 22:32:32 [main] [Log] - waitForElementVisibleWithBy: Element By.xpath: //input[@name='term'] : visible
[INFO ] 18-02-2023 22:32:33 [main] [Log] - waitForElementVisibleWithBy: Element By.xpath: //input[@name='term'] : visible
[INFO ] 18-02-2023 22:32:34 [main] [Log] - waitForElementClickableBy: Element By.xpath: //a[contains(text(),'Best sellers')] : clickable
[INFO ] 18-02-2023 22:32:36 [main] [Log] - waitForElementVisibleWithBy: Element By.xpath: //span[text()='Best sellers'] : visible
[INFO ] 18-02-2023 22:32:36 [main] [Log] - waitForElementClickableBy: Element By.xpath: (//a[contains(@class,'add')])[1] : clickable
[INFO ] 18-02-2023 22:32:36 [main] [Log] - waitForElementClickableBy: Element By.xpath: (//a[contains(@class,'add')])[1] : clickable
[INFO ] 18-02-2023 22:32:37 [main] [Log] - waitForElementClickableBy: Element By.xpath: //button[normalize-space()='Keep Browsing'] : clickable
[INFO ] 18-02-2023 22:32:37 [main] [Log] - waitForElementClickableBy: Element By.xpath: (//a[contains(@class,'add')])[2] : clickable
[INFO ] 18-02-2023 22:32:37 [main] [Log] - waitForElementClickableBy: Element By.xpath: (//a[contains(@class,'add')])[2] : clickable
[INFO ] 18-02-2023 22:32:39 [main] [Log] - waitForElementClickableBy: Element By.xpath: //button[normalize-space()='Keep Browsing'] : clickable
[INFO ] 18-02-2023 22:32:39 [main] [Log] - waitForElementClickableBy: Element By.xpath: (//a[contains(@class,'add')])[3] : clickable
[INFO ] 18-02-2023 22:32:39 [main] [Log] - waitForElementClickableBy: Element By.xpath: (//a[contains(@class,'add')])[3] : clickable
[INFO ] 18-02-2023 22:32:40 [main] [Log] - waitForElementClickableBy: Element By.xpath: //button[normalize-space()='Keep Browsing'] : clickable
[INFO ] 18-02-2023 22:32:40 [main] [Log] - waitForElementClickableBy: Element By.xpath: (//a[contains(@class,'add')])[4] : clickable
[INFO ] 18-02-2023 22:32:40 [main] [Log] - waitForElementClickableBy: Element By.xpath: (//a[contains(@class,'add')])[4] : clickable
[INFO ] 18-02-2023 22:32:42 [main] [Log] - waitForElementClickableBy: Element By.xpath: //button[normalize-space()='Keep Browsing'] : clickable
[INFO ] 18-02-2023 22:32:42 [main] [Log] - waitForElementClickableBy: Element By.xpath: (//a[contains(@class,'add')])[5] : clickable
[INFO ] 18-02-2023 22:32:42 [main] [Log] - waitForElementClickableBy: Element By.xpath: (//a[contains(@class,'add')])[5] : clickable
[INFO ] 18-02-2023 22:32:43 [main] [Log] - waitForElementClickableBy: Element By.xpath: //button[normalize-space()='Keep Browsing'] : clickable
[INFO ] 18-02-2023 22:32:43 [main] [Log] - waitForElementClickableBy: Element By.xpath: //span[@data-controller='cart-icon'] : clickable
[INFO ] 18-02-2023 22:32:45 [main] [Log] - waitForElementClickableBy: Element By.xpath: (//input[@value='Secure Checkout'])[2] : clickable
[INFO ] 18-02-2023 22:32:47 [main] [Log] - waitForElementVisibleWithBy: Element By.xpath: //label[contains(text(),'First Name')]/following::input[1] : visible
[INFO ] 18-02-2023 22:32:48 [main] [Log] - waitForElementVisibleWithBy: Element By.xpath: //label[contains(text(),'Last Name')]/following::input[1] : visible
[INFO ] 18-02-2023 22:32:48 [main] [Log] - waitForElementVisibleWithBy: Element By.xpath: //label[contains(text(),'Email')]/following::input[1] : visible
[INFO ] 18-02-2023 22:32:49 [main] [Log] - waitForElementVisibleWithBy: Element By.xpath: //label[contains(text(),'Username')]/following::input[1] : visible
[INFO ] 18-02-2023 22:32:49 [main] [Log] - waitForElementVisibleWithBy: Element By.xpath: //label[contains(text(),'Password')]/following::input[1] : visible
[INFO ] 18-02-2023 22:32:49 [main] [Log] - waitForElementVisibleWithBy: Element By.xpath: //div[contains(@class,'total')]//h4 : visible
[INFO ] 18-02-2023 22:32:49 [main] [Log] - 
TestListener: COMPLETED TC: TC1 - PASS 
---------------------------------------------------------------
[INFO ] 18-02-2023 22:32:54 [main] [Log] - Actual URL: https://themeforest.net/
[INFO ] 18-02-2023 22:32:54 [main] [Log] - 
---------------------------------------------------------------
TestListener: START TC:  TC1
[INFO ] 18-02-2023 22:32:54 [main] [Log] - waitForElementClickableBy: Element By.xpath: //a[contains(text(),'Code')] : clickable
[INFO ] 18-02-2023 22:32:55 [main] [Log] - waitForElementClickableBy: Element By.xpath: //a[contains(text(),'All Items')] : clickable
[INFO ] 18-02-2023 22:32:56 [main] [Log] - waitForElementVisibleWithBy: Element By.xpath: //h1[text()='Plugins, Code & Scripts'] : visible
[INFO ] 18-02-2023 22:32:56 [main] [Log] - waitForElementVisibleWithBy: Element By.xpath: //input[@name='term'] : visible
[INFO ] 18-02-2023 22:32:56 [main] [Log] - waitForElementVisibleWithBy: Element By.xpath: //input[@name='term'] : visible
[INFO ] 18-02-2023 22:32:57 [main] [Log] - waitForElementClickableBy: Element By.xpath: //a[contains(text(),'Best sellers')] : clickable
[INFO ] 18-02-2023 22:32:58 [main] [Log] - waitForElementVisibleWithBy: Element By.xpath: //span[text()='Best sellers'] : visible
[INFO ] 18-02-2023 22:32:58 [main] [Log] - waitForElementClickableBy: Element By.xpath: (//a[contains(@class,'add')])[1] : clickable
[INFO ] 18-02-2023 22:32:58 [main] [Log] - waitForElementClickableBy: Element By.xpath: (//a[contains(@class,'add')])[1] : clickable
[INFO ] 18-02-2023 22:32:59 [main] [Log] - waitForElementClickableBy: Element By.xpath: //button[normalize-space()='Keep Browsing'] : clickable
[INFO ] 18-02-2023 22:32:59 [main] [Log] - waitForElementClickableBy: Element By.xpath: (//a[contains(@class,'add')])[2] : clickable
[INFO ] 18-02-2023 22:32:59 [main] [Log] - waitForElementClickableBy: Element By.xpath: (//a[contains(@class,'add')])[2] : clickable
[INFO ] 18-02-2023 22:33:00 [main] [Log] - waitForElementClickableBy: Element By.xpath: //button[normalize-space()='Keep Browsing'] : clickable
[INFO ] 18-02-2023 22:33:00 [main] [Log] - waitForElementClickableBy: Element By.xpath: (//a[contains(@class,'add')])[3] : clickable
[INFO ] 18-02-2023 22:33:00 [main] [Log] - waitForElementClickableBy: Element By.xpath: (//a[contains(@class,'add')])[3] : clickable
[INFO ] 18-02-2023 22:33:00 [main] [Log] - waitForElementClickableBy: Element By.xpath: //button[normalize-space()='Keep Browsing'] : clickable
[INFO ] 18-02-2023 22:33:01 [main] [Log] - waitForElementClickableBy: Element By.xpath: (//a[contains(@class,'add')])[4] : clickable
[INFO ] 18-02-2023 22:33:01 [main] [Log] - waitForElementClickableBy: Element By.xpath: (//a[contains(@class,'add')])[4] : clickable
[INFO ] 18-02-2023 22:33:02 [main] [Log] - waitForElementClickableBy: Element By.xpath: //button[normalize-space()='Keep Browsing'] : clickable
[INFO ] 18-02-2023 22:33:02 [main] [Log] - waitForElementClickableBy: Element By.xpath: (//a[contains(@class,'add')])[5] : clickable
[INFO ] 18-02-2023 22:33:02 [main] [Log] - waitForElementClickableBy: Element By.xpath: (//a[contains(@class,'add')])[5] : clickable
[INFO ] 18-02-2023 22:33:03 [main] [Log] - waitForElementClickableBy: Element By.xpath: //button[normalize-space()='Keep Browsing'] : clickable
[INFO ] 18-02-2023 22:33:03 [main] [Log] - waitForElementClickableBy: Element By.xpath: //span[@data-controller='cart-icon'] : clickable
[INFO ] 18-02-2023 22:33:05 [main] [Log] - waitForElementClickableBy: Element By.xpath: (//input[@value='Secure Checkout'])[2] : clickable
[INFO ] 18-02-2023 22:33:09 [main] [Log] - waitForElementVisibleWithBy: Element By.xpath: //label[contains(text(),'First Name')]/following::input[1] : visible
[INFO ] 18-02-2023 22:33:10 [main] [Log] - waitForElementVisibleWithBy: Element By.xpath: //label[contains(text(),'Last Name')]/following::input[1] : visible
[INFO ] 18-02-2023 22:33:10 [main] [Log] - waitForElementVisibleWithBy: Element By.xpath: //label[contains(text(),'Email')]/following::input[1] : visible
[INFO ] 18-02-2023 22:33:11 [main] [Log] - waitForElementVisibleWithBy: Element By.xpath: //label[contains(text(),'Username')]/following::input[1] : visible
[INFO ] 18-02-2023 22:33:13 [main] [Log] - waitForElementVisibleWithBy: Element By.xpath: //label[contains(text(),'Password')]/following::input[1] : visible
[INFO ] 18-02-2023 22:33:14 [main] [Log] - waitForElementVisibleWithBy: Element By.xpath: //div[contains(@class,'total')]//h4 : visible
[INFO ] 18-02-2023 22:33:14 [main] [Log] - 
TestListener: COMPLETED TC: TC1 - PASS 
---------------------------------------------------------------
[INFO ] 18-02-2023 22:33:14 [main] [Log] - TestBase: Close Driver 
[INFO ] 18-02-2023 22:33:15 [main] [Log] - 
TestListener: FINISH TESTING FOR TEST SUITE: Default Suite 
---------------------------------------------------------------
[INFO ] 18-02-2023 22:33:58 [main] [Log] - Loaded all properties files.
[INFO ] 18-02-2023 22:33:58 [main] [Log] - TestBase: Properties For Testing:
{databaseName=KETOAN_AUTO_HOADON, language=vi, exportVideoPath=ExportData/Videos, open_reports_after_execution=no, screenshot_all_steps=no, WAIT_DEFAULT=10, testing_version=1.0, CHROME_DRIVER=, author=MISA, reportTitle=AMIS ACCOUNTING | Automation Report, video_record=no, zip_folder=no, exportCapturePath=ExportData/Images, WAIT_PAGE_LOADED=30, projectName=AMIS ACCOUNTING, WAIT_EXPLICIT=10, extentReportFolder=ExtentReports, draw_border_err_element=yes, WAIT_IMPLICIT=3, extentReportName=ExtentReports, tfslink=http://tfs2017-01:8080/tfs/defaultcollection/SMECLOUD/_workitems?id=, loginExcelDataPath=src/test/resources/datatest/amisaccounting/LoginData.xlsx, screenshot_failed_steps=yes, browser=chrome, remote_url=localhost, remote_port=4444, screenshot_passed_steps=no, override_reports=yes, target=local, headless=false, ACTIVE_PAGE_LOADED=true, WAIT_SLEEP_STEP=1, screenshot_skipped_steps=yes, send_email_to_users=no}
[INFO ] 18-02-2023 22:33:58 [main] [Log] - 
---------------------------------------------------------------
TestListener: TESTING FOR TEST SUITE: Default Suite
---------------------------------------------------------------
[INFO ] 18-02-2023 22:33:59 [main] [WebDriverManager] - Using chromedriver 109.0.5414.74 (resolved driver for Chrome 109)
[INFO ] 18-02-2023 22:33:59 [main] [WebDriverManager] - Exporting webdriver.chrome.driver as C:\Users\ADMIN\.cache\selenium\chromedriver\win32\109.0.5414.74\chromedriver.exe
[INFO ] 18-02-2023 22:34:09 [main] [Log] - Actual URL: https://themeforest.net/
[INFO ] 18-02-2023 22:34:10 [main] [Log] - 
---------------------------------------------------------------
TestListener: START TC:  TC1
[INFO ] 18-02-2023 22:34:10 [main] [Log] - waitForElementClickableBy: Element By.xpath: //a[contains(text(),'Code')] : clickable
[INFO ] 18-02-2023 22:34:12 [main] [Log] - waitForElementClickableBy: Element By.xpath: //a[contains(text(),'All Items')] : clickable
[INFO ] 18-02-2023 22:34:12 [main] [Log] - waitForElementVisibleWithBy: Element By.xpath: //h1[text()='Plugins, Code & Scripts'] : visible
[INFO ] 18-02-2023 22:34:12 [main] [Log] - waitForElementVisibleWithBy: Element By.xpath: //input[@name='term'] : visible
[INFO ] 18-02-2023 22:34:13 [main] [Log] - waitForElementVisibleWithBy: Element By.xpath: //input[@name='term'] : visible
[INFO ] 18-02-2023 22:34:13 [main] [Log] - waitForElementClickableBy: Element By.xpath: //a[contains(text(),'Best sellers')] : clickable
[INFO ] 18-02-2023 22:34:14 [main] [Log] - waitForElementVisibleWithBy: Element By.xpath: //span[text()='Best sellers'] : visible
[INFO ] 18-02-2023 22:34:14 [main] [Log] - waitForElementClickableBy: Element By.xpath: (//a[contains(@class,'add')])[1] : clickable
[INFO ] 18-02-2023 22:34:14 [main] [Log] - waitForElementClickableBy: Element By.xpath: (//a[contains(@class,'add')])[1] : clickable
[INFO ] 18-02-2023 22:34:15 [main] [Log] - waitForElementClickableBy: Element By.xpath: //button[normalize-space()='Keep Browsing'] : clickable
[INFO ] 18-02-2023 22:34:15 [main] [Log] - waitForElementClickableBy: Element By.xpath: (//a[contains(@class,'add')])[2] : clickable
[INFO ] 18-02-2023 22:34:15 [main] [Log] - waitForElementClickableBy: Element By.xpath: (//a[contains(@class,'add')])[2] : clickable
[INFO ] 18-02-2023 22:34:16 [main] [Log] - waitForElementClickableBy: Element By.xpath: //button[normalize-space()='Keep Browsing'] : clickable
[INFO ] 18-02-2023 22:34:16 [main] [Log] - waitForElementClickableBy: Element By.xpath: (//a[contains(@class,'add')])[3] : clickable
[INFO ] 18-02-2023 22:34:16 [main] [Log] - waitForElementClickableBy: Element By.xpath: (//a[contains(@class,'add')])[3] : clickable
[INFO ] 18-02-2023 22:34:17 [main] [Log] - waitForElementClickableBy: Element By.xpath: //button[normalize-space()='Keep Browsing'] : clickable
[INFO ] 18-02-2023 22:34:17 [main] [Log] - waitForElementClickableBy: Element By.xpath: (//a[contains(@class,'add')])[4] : clickable
[INFO ] 18-02-2023 22:34:17 [main] [Log] - waitForElementClickableBy: Element By.xpath: (//a[contains(@class,'add')])[4] : clickable
[INFO ] 18-02-2023 22:34:18 [main] [Log] - waitForElementClickableBy: Element By.xpath: //button[normalize-space()='Keep Browsing'] : clickable
[INFO ] 18-02-2023 22:34:18 [main] [Log] - waitForElementClickableBy: Element By.xpath: (//a[contains(@class,'add')])[5] : clickable
[INFO ] 18-02-2023 22:34:18 [main] [Log] - waitForElementClickableBy: Element By.xpath: (//a[contains(@class,'add')])[5] : clickable
[INFO ] 18-02-2023 22:34:19 [main] [Log] - waitForElementClickableBy: Element By.xpath: //button[normalize-space()='Keep Browsing'] : clickable
[INFO ] 18-02-2023 22:34:20 [main] [Log] - waitForElementClickableBy: Element By.xpath: //span[@data-controller='cart-icon'] : clickable
[INFO ] 18-02-2023 22:34:22 [main] [Log] - waitForElementClickableBy: Element By.xpath: (//input[@value='Secure Checkout'])[2] : clickable
[INFO ] 18-02-2023 22:34:24 [main] [Log] - waitForElementVisibleWithBy: Element By.xpath: //label[contains(text(),'First Name')]/following::input[1] : visible
[INFO ] 18-02-2023 22:34:24 [main] [Log] - waitForElementVisibleWithBy: Element By.xpath: //label[contains(text(),'Last Name')]/following::input[1] : visible
[INFO ] 18-02-2023 22:34:25 [main] [Log] - waitForElementVisibleWithBy: Element By.xpath: //label[contains(text(),'Email')]/following::input[1] : visible
[INFO ] 18-02-2023 22:34:25 [main] [Log] - waitForElementVisibleWithBy: Element By.xpath: //label[contains(text(),'Username')]/following::input[1] : visible
[INFO ] 18-02-2023 22:34:25 [main] [Log] - waitForElementVisibleWithBy: Element By.xpath: //label[contains(text(),'Password')]/following::input[1] : visible
[INFO ] 18-02-2023 22:34:26 [main] [Log] - waitForElementVisibleWithBy: Element By.xpath: //div[contains(@class,'total')]//h4 : visible
[INFO ] 18-02-2023 22:34:26 [main] [Log] - 
TestListener: COMPLETED TC: TC1 - PASS 
---------------------------------------------------------------
[INFO ] 18-02-2023 22:34:30 [main] [Log] - Actual URL: https://themeforest.net/
[INFO ] 18-02-2023 22:34:30 [main] [Log] - 
---------------------------------------------------------------
TestListener: START TC:  TC1
[INFO ] 18-02-2023 22:34:30 [main] [Log] - waitForElementClickableBy: Element By.xpath: //a[contains(text(),'Code')] : clickable
[INFO ] 18-02-2023 22:34:31 [main] [Log] - waitForElementClickableBy: Element By.xpath: //a[contains(text(),'All Items')] : clickable
[INFO ] 18-02-2023 22:34:32 [main] [Log] - waitForElementVisibleWithBy: Element By.xpath: //h1[text()='Plugins, Code & Scripts'] : visible
[INFO ] 18-02-2023 22:34:32 [main] [Log] - waitForElementVisibleWithBy: Element By.xpath: //input[@name='term'] : visible
[INFO ] 18-02-2023 22:34:32 [main] [Log] - waitForElementVisibleWithBy: Element By.xpath: //input[@name='term'] : visible
[INFO ] 18-02-2023 22:34:33 [main] [Log] - waitForElementClickableBy: Element By.xpath: //a[contains(text(),'Best sellers')] : clickable
[INFO ] 18-02-2023 22:34:34 [main] [Log] - waitForElementVisibleWithBy: Element By.xpath: //span[text()='Best sellers'] : visible
[INFO ] 18-02-2023 22:34:34 [main] [Log] - waitForElementClickableBy: Element By.xpath: (//a[contains(@class,'add')])[1] : clickable
[INFO ] 18-02-2023 22:34:34 [main] [Log] - waitForElementClickableBy: Element By.xpath: (//a[contains(@class,'add')])[1] : clickable
[INFO ] 18-02-2023 22:34:35 [main] [Log] - waitForElementClickableBy: Element By.xpath: //button[normalize-space()='Keep Browsing'] : clickable
[INFO ] 18-02-2023 22:34:35 [main] [Log] - waitForElementClickableBy: Element By.xpath: (//a[contains(@class,'add')])[2] : clickable
[INFO ] 18-02-2023 22:34:35 [main] [Log] - waitForElementClickableBy: Element By.xpath: (//a[contains(@class,'add')])[2] : clickable
[INFO ] 18-02-2023 22:34:37 [main] [Log] - waitForElementClickableBy: Element By.xpath: //button[normalize-space()='Keep Browsing'] : clickable
[INFO ] 18-02-2023 22:34:37 [main] [Log] - waitForElementClickableBy: Element By.xpath: (//a[contains(@class,'add')])[3] : clickable
[INFO ] 18-02-2023 22:34:37 [main] [Log] - waitForElementClickableBy: Element By.xpath: (//a[contains(@class,'add')])[3] : clickable
[INFO ] 18-02-2023 22:34:39 [main] [Log] - waitForElementClickableBy: Element By.xpath: //button[normalize-space()='Keep Browsing'] : clickable
[INFO ] 18-02-2023 22:34:39 [main] [Log] - waitForElementClickableBy: Element By.xpath: (//a[contains(@class,'add')])[4] : clickable
[INFO ] 18-02-2023 22:34:39 [main] [Log] - waitForElementClickableBy: Element By.xpath: (//a[contains(@class,'add')])[4] : clickable
[INFO ] 18-02-2023 22:34:41 [main] [Log] - waitForElementClickableBy: Element By.xpath: //button[normalize-space()='Keep Browsing'] : clickable
[INFO ] 18-02-2023 22:34:41 [main] [Log] - waitForElementClickableBy: Element By.xpath: (//a[contains(@class,'add')])[5] : clickable
[INFO ] 18-02-2023 22:34:41 [main] [Log] - waitForElementClickableBy: Element By.xpath: (//a[contains(@class,'add')])[5] : clickable
[INFO ] 18-02-2023 22:34:43 [main] [Log] - waitForElementClickableBy: Element By.xpath: //button[normalize-space()='Keep Browsing'] : clickable
[INFO ] 18-02-2023 22:34:43 [main] [Log] - waitForElementClickableBy: Element By.xpath: //span[@data-controller='cart-icon'] : clickable
[INFO ] 18-02-2023 22:34:45 [main] [Log] - waitForElementClickableBy: Element By.xpath: (//input[@value='Secure Checkout'])[2] : clickable
[INFO ] 18-02-2023 22:34:49 [main] [Log] - waitForElementVisibleWithBy: Element By.xpath: //label[contains(text(),'First Name')]/following::input[1] : visible
[INFO ] 18-02-2023 22:34:49 [main] [Log] - waitForElementVisibleWithBy: Element By.xpath: //label[contains(text(),'Last Name')]/following::input[1] : visible
[INFO ] 18-02-2023 22:34:50 [main] [Log] - waitForElementVisibleWithBy: Element By.xpath: //label[contains(text(),'Email')]/following::input[1] : visible
[INFO ] 18-02-2023 22:34:50 [main] [Log] - waitForElementVisibleWithBy: Element By.xpath: //label[contains(text(),'Username')]/following::input[1] : visible
[INFO ] 18-02-2023 22:34:51 [main] [Log] - waitForElementVisibleWithBy: Element By.xpath: //label[contains(text(),'Password')]/following::input[1] : visible
[INFO ] 18-02-2023 22:34:51 [main] [Log] - waitForElementVisibleWithBy: Element By.xpath: //div[contains(@class,'total')]//h4 : visible
[INFO ] 18-02-2023 22:34:51 [main] [Log] - 
TestListener: COMPLETED TC: TC1 - PASS 
---------------------------------------------------------------
[INFO ] 18-02-2023 22:34:51 [main] [Log] - TestBase: Close Driver 
[INFO ] 18-02-2023 22:34:52 [main] [Log] - 
TestListener: FINISH TESTING FOR TEST SUITE: Default Suite 
---------------------------------------------------------------
[INFO ] 18-02-2023 22:35:25 [main] [Log] - Loaded all properties files.
[INFO ] 18-02-2023 22:35:25 [main] [Log] - TestBase: Properties For Testing:
{databaseName=KETOAN_AUTO_HOADON, language=vi, exportVideoPath=ExportData/Videos, open_reports_after_execution=no, screenshot_all_steps=no, WAIT_DEFAULT=10, testing_version=1.0, CHROME_DRIVER=, author=MISA, reportTitle=AMIS ACCOUNTING | Automation Report, video_record=no, zip_folder=no, exportCapturePath=ExportData/Images, WAIT_PAGE_LOADED=30, projectName=AMIS ACCOUNTING, WAIT_EXPLICIT=10, extentReportFolder=ExtentReports, draw_border_err_element=yes, WAIT_IMPLICIT=3, extentReportName=ExtentReports, tfslink=http://tfs2017-01:8080/tfs/defaultcollection/SMECLOUD/_workitems?id=, loginExcelDataPath=src/test/resources/datatest/amisaccounting/LoginData.xlsx, screenshot_failed_steps=yes, browser=chrome, remote_url=localhost, remote_port=4444, screenshot_passed_steps=no, override_reports=yes, target=local, headless=false, ACTIVE_PAGE_LOADED=true, WAIT_SLEEP_STEP=1, screenshot_skipped_steps=yes, send_email_to_users=no}
[INFO ] 18-02-2023 22:35:25 [main] [Log] - 
---------------------------------------------------------------
TestListener: TESTING FOR TEST SUITE: Default Suite
---------------------------------------------------------------
[INFO ] 18-02-2023 22:35:27 [main] [WebDriverManager] - Using chromedriver 109.0.5414.74 (resolved driver for Chrome 109)
[INFO ] 18-02-2023 22:35:27 [main] [WebDriverManager] - Exporting webdriver.chrome.driver as C:\Users\ADMIN\.cache\selenium\chromedriver\win32\109.0.5414.74\chromedriver.exe
[INFO ] 18-02-2023 22:35:35 [main] [Log] - Actual URL: https://themeforest.net/
[INFO ] 18-02-2023 22:35:35 [main] [Log] - 
---------------------------------------------------------------
TestListener: START TC:  TC1
[INFO ] 18-02-2023 22:35:36 [main] [Log] - waitForElementClickableBy: Element By.xpath: //a[contains(text(),'Code')] : clickable
[INFO ] 18-02-2023 22:35:37 [main] [Log] - waitForElementClickableBy: Element By.xpath: //a[contains(text(),'All Items')] : clickable
[INFO ] 18-02-2023 22:35:38 [main] [Log] - waitForElementVisibleWithBy: Element By.xpath: //h1[text()='Plugins, Code & Scripts'] : visible
[INFO ] 18-02-2023 22:35:38 [main] [Log] - waitForElementVisibleWithBy: Element By.xpath: //input[@name='term'] : visible
[INFO ] 18-02-2023 22:35:38 [main] [Log] - waitForElementVisibleWithBy: Element By.xpath: //input[@name='term'] : visible
[INFO ] 18-02-2023 22:35:39 [main] [Log] - waitForElementClickableBy: Element By.xpath: //a[contains(text(),'Best sellers')] : clickable
[INFO ] 18-02-2023 22:35:40 [main] [Log] - waitForElementVisibleWithBy: Element By.xpath: //span[text()='Best sellers'] : visible
[INFO ] 18-02-2023 22:35:40 [main] [Log] - waitForElementClickableBy: Element By.xpath: (//a[contains(@class,'add')])[1] : clickable
[INFO ] 18-02-2023 22:35:40 [main] [Log] - waitForElementClickableBy: Element By.xpath: (//a[contains(@class,'add')])[1] : clickable
[INFO ] 18-02-2023 22:35:41 [main] [Log] - waitForElementClickableBy: Element By.xpath: //button[normalize-space()='Keep Browsing'] : clickable
[INFO ] 18-02-2023 22:35:41 [main] [Log] - waitForElementClickableBy: Element By.xpath: (//a[contains(@class,'add')])[2] : clickable
[INFO ] 18-02-2023 22:35:41 [main] [Log] - waitForElementClickableBy: Element By.xpath: (//a[contains(@class,'add')])[2] : clickable
[INFO ] 18-02-2023 22:35:42 [main] [Log] - waitForElementClickableBy: Element By.xpath: //button[normalize-space()='Keep Browsing'] : clickable
[INFO ] 18-02-2023 22:35:42 [main] [Log] - waitForElementClickableBy: Element By.xpath: (//a[contains(@class,'add')])[3] : clickable
[INFO ] 18-02-2023 22:35:42 [main] [Log] - waitForElementClickableBy: Element By.xpath: (//a[contains(@class,'add')])[3] : clickable
[INFO ] 18-02-2023 22:35:43 [main] [Log] - waitForElementClickableBy: Element By.xpath: //button[normalize-space()='Keep Browsing'] : clickable
[INFO ] 18-02-2023 22:35:43 [main] [Log] - waitForElementClickableBy: Element By.xpath: (//a[contains(@class,'add')])[4] : clickable
[INFO ] 18-02-2023 22:35:43 [main] [Log] - waitForElementClickableBy: Element By.xpath: (//a[contains(@class,'add')])[4] : clickable
[INFO ] 18-02-2023 22:35:44 [main] [Log] - waitForElementClickableBy: Element By.xpath: //button[normalize-space()='Keep Browsing'] : clickable
[INFO ] 18-02-2023 22:35:44 [main] [Log] - waitForElementClickableBy: Element By.xpath: (//a[contains(@class,'add')])[5] : clickable
[INFO ] 18-02-2023 22:35:44 [main] [Log] - waitForElementClickableBy: Element By.xpath: (//a[contains(@class,'add')])[5] : clickable
[INFO ] 18-02-2023 22:35:45 [main] [Log] - waitForElementClickableBy: Element By.xpath: //button[normalize-space()='Keep Browsing'] : clickable
[INFO ] 18-02-2023 22:35:45 [main] [Log] - waitForElementClickableBy: Element By.xpath: //span[@data-controller='cart-icon'] : clickable
[INFO ] 18-02-2023 22:35:47 [main] [Log] - waitForElementClickableBy: Element By.xpath: (//input[@value='Secure Checkout'])[2] : clickable
[INFO ] 18-02-2023 22:35:49 [main] [Log] - waitForElementVisibleWithBy: Element By.xpath: //label[contains(text(),'First Name')]/following::input[1] : visible
[INFO ] 18-02-2023 22:35:50 [main] [Log] - waitForElementVisibleWithBy: Element By.xpath: //label[contains(text(),'Last Name')]/following::input[1] : visible
[INFO ] 18-02-2023 22:35:50 [main] [Log] - waitForElementVisibleWithBy: Element By.xpath: //label[contains(text(),'Email')]/following::input[1] : visible
[INFO ] 18-02-2023 22:35:50 [main] [Log] - waitForElementVisibleWithBy: Element By.xpath: //label[contains(text(),'Username')]/following::input[1] : visible
[INFO ] 18-02-2023 22:35:51 [main] [Log] - waitForElementVisibleWithBy: Element By.xpath: //label[contains(text(),'Password')]/following::input[1] : visible
[INFO ] 18-02-2023 22:35:51 [main] [Log] - waitForElementVisibleWithBy: Element By.xpath: //div[contains(@class,'total')]//h4 : visible
[INFO ] 18-02-2023 22:35:51 [main] [Log] - 
TestListener: COMPLETED TC: TC1 - PASS 
---------------------------------------------------------------
[INFO ] 18-02-2023 22:35:55 [main] [Log] - Actual URL: https://themeforest.net/
[INFO ] 18-02-2023 22:35:55 [main] [Log] - 
---------------------------------------------------------------
TestListener: START TC:  TC1
[INFO ] 18-02-2023 22:35:55 [main] [Log] - waitForElementClickableBy: Element By.xpath: //a[contains(text(),'Code')] : clickable
[INFO ] 18-02-2023 22:35:57 [main] [Log] - waitForElementClickableBy: Element By.xpath: //a[contains(text(),'All Items')] : clickable
[INFO ] 18-02-2023 22:35:58 [main] [Log] - waitForElementVisibleWithBy: Element By.xpath: //h1[text()='Plugins, Code & Scripts'] : visible
[INFO ] 18-02-2023 22:35:58 [main] [Log] - waitForElementVisibleWithBy: Element By.xpath: //input[@name='term'] : visible
[INFO ] 18-02-2023 22:35:58 [main] [Log] - waitForElementVisibleWithBy: Element By.xpath: //input[@name='term'] : visible
[INFO ] 18-02-2023 22:35:58 [main] [Log] - waitForElementClickableBy: Element By.xpath: //a[contains(text(),'Best sellers')] : clickable
[INFO ] 18-02-2023 22:35:59 [main] [Log] - waitForElementVisibleWithBy: Element By.xpath: //span[text()='Best sellers'] : visible
[INFO ] 18-02-2023 22:35:59 [main] [Log] - waitForElementClickableBy: Element By.xpath: (//a[contains(@class,'add')])[1] : clickable
[INFO ] 18-02-2023 22:35:59 [main] [Log] - waitForElementClickableBy: Element By.xpath: (//a[contains(@class,'add')])[1] : clickable
[INFO ] 18-02-2023 22:36:00 [main] [Log] - waitForElementClickableBy: Element By.xpath: //button[normalize-space()='Keep Browsing'] : clickable
[INFO ] 18-02-2023 22:36:00 [main] [Log] - waitForElementClickableBy: Element By.xpath: (//a[contains(@class,'add')])[2] : clickable
[INFO ] 18-02-2023 22:36:00 [main] [Log] - waitForElementClickableBy: Element By.xpath: (//a[contains(@class,'add')])[2] : clickable
[INFO ] 18-02-2023 22:36:01 [main] [Log] - waitForElementClickableBy: Element By.xpath: //button[normalize-space()='Keep Browsing'] : clickable
[INFO ] 18-02-2023 22:36:01 [main] [Log] - waitForElementClickableBy: Element By.xpath: (//a[contains(@class,'add')])[3] : clickable
[INFO ] 18-02-2023 22:36:01 [main] [Log] - waitForElementClickableBy: Element By.xpath: (//a[contains(@class,'add')])[3] : clickable
[INFO ] 18-02-2023 22:36:02 [main] [Log] - waitForElementClickableBy: Element By.xpath: //button[normalize-space()='Keep Browsing'] : clickable
[INFO ] 18-02-2023 22:36:02 [main] [Log] - waitForElementClickableBy: Element By.xpath: (//a[contains(@class,'add')])[4] : clickable
[INFO ] 18-02-2023 22:36:02 [main] [Log] - waitForElementClickableBy: Element By.xpath: (//a[contains(@class,'add')])[4] : clickable
[INFO ] 18-02-2023 22:36:04 [main] [Log] - waitForElementClickableBy: Element By.xpath: //button[normalize-space()='Keep Browsing'] : clickable
[INFO ] 18-02-2023 22:36:04 [main] [Log] - waitForElementClickableBy: Element By.xpath: (//a[contains(@class,'add')])[5] : clickable
[INFO ] 18-02-2023 22:36:04 [main] [Log] - waitForElementClickableBy: Element By.xpath: (//a[contains(@class,'add')])[5] : clickable
[INFO ] 18-02-2023 22:36:04 [main] [Log] - waitForElementClickableBy: Element By.xpath: //button[normalize-space()='Keep Browsing'] : clickable
[INFO ] 18-02-2023 22:36:04 [main] [Log] - waitForElementClickableBy: Element By.xpath: //span[@data-controller='cart-icon'] : clickable
[INFO ] 18-02-2023 22:36:07 [main] [Log] - waitForElementClickableBy: Element By.xpath: (//input[@value='Secure Checkout'])[2] : clickable
[INFO ] 18-02-2023 22:36:10 [main] [Log] - waitForElementVisibleWithBy: Element By.xpath: //label[contains(text(),'First Name')]/following::input[1] : visible
[INFO ] 18-02-2023 22:36:10 [main] [Log] - waitForElementVisibleWithBy: Element By.xpath: //label[contains(text(),'Last Name')]/following::input[1] : visible
[INFO ] 18-02-2023 22:36:11 [main] [Log] - waitForElementVisibleWithBy: Element By.xpath: //label[contains(text(),'Email')]/following::input[1] : visible
[INFO ] 18-02-2023 22:36:11 [main] [Log] - waitForElementVisibleWithBy: Element By.xpath: //label[contains(text(),'Username')]/following::input[1] : visible
[INFO ] 18-02-2023 22:36:11 [main] [Log] - waitForElementVisibleWithBy: Element By.xpath: //label[contains(text(),'Password')]/following::input[1] : visible
[INFO ] 18-02-2023 22:36:12 [main] [Log] - waitForElementVisibleWithBy: Element By.xpath: //div[contains(@class,'total')]//h4 : visible
[INFO ] 18-02-2023 22:36:12 [main] [Log] - 
TestListener: COMPLETED TC: TC1 - PASS 
---------------------------------------------------------------
[INFO ] 18-02-2023 22:36:12 [main] [Log] - TestBase: Close Driver 
[INFO ] 18-02-2023 22:36:13 [main] [Log] - 
TestListener: FINISH TESTING FOR TEST SUITE: Default Suite 
---------------------------------------------------------------
[INFO ] 18-02-2023 22:38:31 [main] [Log] - Loaded all properties files.
[INFO ] 18-02-2023 22:38:31 [main] [Log] - TestBase: Properties For Testing:
{databaseName=KETOAN_AUTO_HOADON, language=vi, exportVideoPath=ExportData/Videos, open_reports_after_execution=no, screenshot_all_steps=no, WAIT_DEFAULT=10, testing_version=1.0, CHROME_DRIVER=, author=MISA, reportTitle=AMIS ACCOUNTING | Automation Report, video_record=no, zip_folder=no, exportCapturePath=ExportData/Images, WAIT_PAGE_LOADED=30, projectName=AMIS ACCOUNTING, WAIT_EXPLICIT=10, extentReportFolder=ExtentReports, draw_border_err_element=yes, WAIT_IMPLICIT=3, extentReportName=ExtentReports, tfslink=http://tfs2017-01:8080/tfs/defaultcollection/SMECLOUD/_workitems?id=, loginExcelDataPath=src/test/resources/datatest/amisaccounting/LoginData.xlsx, screenshot_failed_steps=yes, browser=chrome, remote_url=localhost, remote_port=4444, screenshot_passed_steps=no, override_reports=yes, target=local, headless=false, ACTIVE_PAGE_LOADED=true, WAIT_SLEEP_STEP=1, screenshot_skipped_steps=yes, send_email_to_users=no}
[INFO ] 18-02-2023 22:38:31 [main] [Log] - 
---------------------------------------------------------------
TestListener: TESTING FOR TEST SUITE: Default Suite
---------------------------------------------------------------
[INFO ] 18-02-2023 22:38:33 [main] [WebDriverManager] - Using chromedriver 109.0.5414.74 (resolved driver for Chrome 109)
[INFO ] 18-02-2023 22:38:33 [main] [WebDriverManager] - Exporting webdriver.chrome.driver as C:\Users\ADMIN\.cache\selenium\chromedriver\win32\109.0.5414.74\chromedriver.exe
[INFO ] 18-02-2023 22:38:43 [main] [Log] - Actual URL: https://themeforest.net/
[INFO ] 18-02-2023 22:38:43 [main] [Log] - 
---------------------------------------------------------------
TestListener: START TC:  TC1
[INFO ] 18-02-2023 22:38:43 [main] [Log] - waitForElementClickableBy: Element By.xpath: //a[contains(text(),'Code')] : clickable
[INFO ] 18-02-2023 22:38:46 [main] [Log] - waitForElementClickableBy: Element By.xpath: //a[contains(text(),'All Items')] : clickable
[INFO ] 18-02-2023 22:38:46 [main] [Log] - waitForElementVisibleWithBy: Element By.xpath: //h1[text()='Plugins, Code & Scripts'] : visible
[INFO ] 18-02-2023 22:38:46 [main] [Log] - waitForElementVisibleWithBy: Element By.xpath: //input[@name='term'] : visible
[INFO ] 18-02-2023 22:38:47 [main] [Log] - waitForElementVisibleWithBy: Element By.xpath: //input[@name='term'] : visible
[INFO ] 18-02-2023 22:38:47 [main] [Log] - waitForElementClickableBy: Element By.xpath: //a[contains(text(),'Best sellers')] : clickable
[INFO ] 18-02-2023 22:38:48 [main] [Log] - waitForElementVisibleWithBy: Element By.xpath: //span[text()='Best sellers'] : visible
[INFO ] 18-02-2023 22:38:48 [main] [Log] - waitForElementClickableBy: Element By.xpath: (//a[contains(@class,'add')])[1] : clickable
[INFO ] 18-02-2023 22:38:48 [main] [Log] - waitForElementClickableBy: Element By.xpath: (//a[contains(@class,'add')])[1] : clickable
[INFO ] 18-02-2023 22:38:49 [main] [Log] - waitForElementClickableBy: Element By.xpath: //button[normalize-space()='Keep Browsing'] : clickable
[INFO ] 18-02-2023 22:38:49 [main] [Log] - waitForElementClickableBy: Element By.xpath: (//a[contains(@class,'add')])[2] : clickable
[INFO ] 18-02-2023 22:38:49 [main] [Log] - waitForElementClickableBy: Element By.xpath: (//a[contains(@class,'add')])[2] : clickable
[INFO ] 18-02-2023 22:38:50 [main] [Log] - waitForElementClickableBy: Element By.xpath: //button[normalize-space()='Keep Browsing'] : clickable
[INFO ] 18-02-2023 22:38:50 [main] [Log] - waitForElementClickableBy: Element By.xpath: (//a[contains(@class,'add')])[3] : clickable
[INFO ] 18-02-2023 22:38:50 [main] [Log] - waitForElementClickableBy: Element By.xpath: (//a[contains(@class,'add')])[3] : clickable
[INFO ] 18-02-2023 22:38:51 [main] [Log] - waitForElementClickableBy: Element By.xpath: //button[normalize-space()='Keep Browsing'] : clickable
[INFO ] 18-02-2023 22:38:51 [main] [Log] - waitForElementClickableBy: Element By.xpath: (//a[contains(@class,'add')])[4] : clickable
[INFO ] 18-02-2023 22:38:51 [main] [Log] - waitForElementClickableBy: Element By.xpath: (//a[contains(@class,'add')])[4] : clickable
[INFO ] 18-02-2023 22:38:53 [main] [Log] - waitForElementClickableBy: Element By.xpath: //button[normalize-space()='Keep Browsing'] : clickable
[INFO ] 18-02-2023 22:38:53 [main] [Log] - waitForElementClickableBy: Element By.xpath: (//a[contains(@class,'add')])[5] : clickable
[INFO ] 18-02-2023 22:38:53 [main] [Log] - waitForElementClickableBy: Element By.xpath: (//a[contains(@class,'add')])[5] : clickable
[INFO ] 18-02-2023 22:38:54 [main] [Log] - waitForElementClickableBy: Element By.xpath: //button[normalize-space()='Keep Browsing'] : clickable
[INFO ] 18-02-2023 22:38:54 [main] [Log] - waitForElementClickableBy: Element By.xpath: //span[@data-controller='cart-icon'] : clickable
[INFO ] 18-02-2023 22:38:56 [main] [Log] - waitForElementClickableBy: Element By.xpath: (//input[@value='Secure Checkout'])[2] : clickable
[INFO ] 18-02-2023 22:38:58 [main] [Log] - waitForElementVisibleWithBy: Element By.xpath: //label[contains(text(),'First Name')]/following::input[1] : visible
[INFO ] 18-02-2023 22:38:58 [main] [Log] - waitForElementVisibleWithBy: Element By.xpath: //label[contains(text(),'Last Name')]/following::input[1] : visible
[INFO ] 18-02-2023 22:38:59 [main] [Log] - waitForElementVisibleWithBy: Element By.xpath: //label[contains(text(),'Email')]/following::input[1] : visible
[INFO ] 18-02-2023 22:38:59 [main] [Log] - waitForElementVisibleWithBy: Element By.xpath: //label[contains(text(),'Username')]/following::input[1] : visible
[INFO ] 18-02-2023 22:38:59 [main] [Log] - waitForElementVisibleWithBy: Element By.xpath: //label[contains(text(),'Password')]/following::input[1] : visible
[INFO ] 18-02-2023 22:39:00 [main] [Log] - waitForElementVisibleWithBy: Element By.xpath: //div[contains(@class,'total')]//h4 : visible
[INFO ] 18-02-2023 22:39:00 [main] [Log] - 
TestListener: COMPLETED TC: TC1 - PASS 
---------------------------------------------------------------
[INFO ] 18-02-2023 22:39:04 [main] [Log] - Actual URL: https://themeforest.net/
[INFO ] 18-02-2023 22:39:04 [main] [Log] - 
---------------------------------------------------------------
TestListener: START TC:  TC1
[INFO ] 18-02-2023 22:39:04 [main] [Log] - waitForElementClickableBy: Element By.xpath: //a[contains(text(),'Code')] : clickable
[INFO ] 18-02-2023 22:39:06 [main] [Log] - waitForElementClickableBy: Element By.xpath: //a[contains(text(),'All Items')] : clickable
[INFO ] 18-02-2023 22:39:07 [main] [Log] - waitForElementVisibleWithBy: Element By.xpath: //h1[text()='Plugins, Code & Scripts'] : visible
[INFO ] 18-02-2023 22:39:07 [main] [Log] - waitForElementVisibleWithBy: Element By.xpath: //input[@name='term'] : visible
[INFO ] 18-02-2023 22:39:07 [main] [Log] - waitForElementVisibleWithBy: Element By.xpath: //input[@name='term'] : visible
[INFO ] 18-02-2023 22:39:08 [main] [Log] - waitForElementClickableBy: Element By.xpath: //a[contains(text(),'Best sellers')] : clickable
[INFO ] 18-02-2023 22:39:09 [main] [Log] - waitForElementVisibleWithBy: Element By.xpath: //span[text()='Best sellers'] : visible
[INFO ] 18-02-2023 22:39:09 [main] [Log] - waitForElementClickableBy: Element By.xpath: (//a[contains(@class,'add')])[1] : clickable
[INFO ] 18-02-2023 22:39:09 [main] [Log] - waitForElementClickableBy: Element By.xpath: (//a[contains(@class,'add')])[1] : clickable
[INFO ] 18-02-2023 22:39:10 [main] [Log] - waitForElementClickableBy: Element By.xpath: //button[normalize-space()='Keep Browsing'] : clickable
[INFO ] 18-02-2023 22:39:10 [main] [Log] - waitForElementClickableBy: Element By.xpath: (//a[contains(@class,'add')])[2] : clickable
[INFO ] 18-02-2023 22:39:10 [main] [Log] - waitForElementClickableBy: Element By.xpath: (//a[contains(@class,'add')])[2] : clickable
[INFO ] 18-02-2023 22:39:11 [main] [Log] - waitForElementClickableBy: Element By.xpath: //button[normalize-space()='Keep Browsing'] : clickable
[INFO ] 18-02-2023 22:39:11 [main] [Log] - waitForElementClickableBy: Element By.xpath: (//a[contains(@class,'add')])[3] : clickable
[INFO ] 18-02-2023 22:39:11 [main] [Log] - waitForElementClickableBy: Element By.xpath: (//a[contains(@class,'add')])[3] : clickable
[INFO ] 18-02-2023 22:39:12 [main] [Log] - waitForElementClickableBy: Element By.xpath: //button[normalize-space()='Keep Browsing'] : clickable
[INFO ] 18-02-2023 22:39:12 [main] [Log] - waitForElementClickableBy: Element By.xpath: (//a[contains(@class,'add')])[4] : clickable
[INFO ] 18-02-2023 22:39:12 [main] [Log] - waitForElementClickableBy: Element By.xpath: (//a[contains(@class,'add')])[4] : clickable
[INFO ] 18-02-2023 22:39:13 [main] [Log] - waitForElementClickableBy: Element By.xpath: //button[normalize-space()='Keep Browsing'] : clickable
[INFO ] 18-02-2023 22:39:13 [main] [Log] - waitForElementClickableBy: Element By.xpath: (//a[contains(@class,'add')])[5] : clickable
[INFO ] 18-02-2023 22:39:13 [main] [Log] - waitForElementClickableBy: Element By.xpath: (//a[contains(@class,'add')])[5] : clickable
[INFO ] 18-02-2023 22:39:14 [main] [Log] - waitForElementClickableBy: Element By.xpath: //button[normalize-space()='Keep Browsing'] : clickable
[INFO ] 18-02-2023 22:39:14 [main] [Log] - waitForElementClickableBy: Element By.xpath: //span[@data-controller='cart-icon'] : clickable
[INFO ] 18-02-2023 22:39:16 [main] [Log] - waitForElementClickableBy: Element By.xpath: (//input[@value='Secure Checkout'])[2] : clickable
[INFO ] 18-02-2023 22:39:19 [main] [Log] - waitForElementVisibleWithBy: Element By.xpath: //label[contains(text(),'First Name')]/following::input[1] : visible
[INFO ] 18-02-2023 22:39:19 [main] [Log] - waitForElementVisibleWithBy: Element By.xpath: //label[contains(text(),'Last Name')]/following::input[1] : visible
[INFO ] 18-02-2023 22:39:19 [main] [Log] - waitForElementVisibleWithBy: Element By.xpath: //label[contains(text(),'Email')]/following::input[1] : visible
[INFO ] 18-02-2023 22:39:20 [main] [Log] - waitForElementVisibleWithBy: Element By.xpath: //label[contains(text(),'Username')]/following::input[1] : visible
[INFO ] 18-02-2023 22:39:20 [main] [Log] - waitForElementVisibleWithBy: Element By.xpath: //label[contains(text(),'Password')]/following::input[1] : visible
[INFO ] 18-02-2023 22:39:21 [main] [Log] - waitForElementVisibleWithBy: Element By.xpath: //div[contains(@class,'total')]//h4 : visible
[INFO ] 18-02-2023 22:39:21 [main] [Log] - 
TestListener: COMPLETED TC: TC1 - PASS 
---------------------------------------------------------------
[INFO ] 18-02-2023 22:39:21 [main] [Log] - TestBase: Close Driver 
[INFO ] 18-02-2023 22:39:22 [main] [Log] - 
TestListener: FINISH TESTING FOR TEST SUITE: Default Suite 
---------------------------------------------------------------
[INFO ] 18-02-2023 22:44:50 [main] [Log] - Loaded all properties files.
[INFO ] 18-02-2023 22:44:50 [main] [Log] - TestBase: Properties For Testing:
{databaseName=KETOAN_AUTO_HOADON, language=vi, exportVideoPath=ExportData/Videos, open_reports_after_execution=no, screenshot_all_steps=no, WAIT_DEFAULT=10, testing_version=1.0, CHROME_DRIVER=, author=MISA, reportTitle=AMIS ACCOUNTING | Automation Report, video_record=no, zip_folder=no, exportCapturePath=ExportData/Images, WAIT_PAGE_LOADED=30, projectName=AMIS ACCOUNTING, WAIT_EXPLICIT=10, extentReportFolder=ExtentReports, draw_border_err_element=yes, WAIT_IMPLICIT=3, extentReportName=ExtentReports, tfslink=http://tfs2017-01:8080/tfs/defaultcollection/SMECLOUD/_workitems?id=, loginExcelDataPath=src/test/resources/datatest/amisaccounting/LoginData.xlsx, screenshot_failed_steps=yes, browser=chrome, remote_url=localhost, remote_port=4444, screenshot_passed_steps=no, override_reports=yes, target=local, headless=false, ACTIVE_PAGE_LOADED=true, WAIT_SLEEP_STEP=1, screenshot_skipped_steps=yes, send_email_to_users=no}
[INFO ] 18-02-2023 22:44:50 [main] [Log] - 
---------------------------------------------------------------
TestListener: TESTING FOR TEST SUITE: Default Suite
---------------------------------------------------------------
[INFO ] 18-02-2023 22:44:52 [main] [WebDriverManager] - Using chromedriver 109.0.5414.74 (resolved driver for Chrome 109)
[INFO ] 18-02-2023 22:44:52 [main] [WebDriverManager] - Exporting webdriver.chrome.driver as C:\Users\ADMIN\.cache\selenium\chromedriver\win32\109.0.5414.74\chromedriver.exe
[INFO ] 18-02-2023 22:45:01 [main] [Log] - Actual URL: https://themeforest.net/
[INFO ] 18-02-2023 22:45:01 [main] [Log] - 
---------------------------------------------------------------
TestListener: START TC:  TC1
[INFO ] 18-02-2023 22:45:01 [main] [Log] - waitForElementClickableBy: Element By.xpath: //a[contains(text(),'Code')] : clickable
[INFO ] 18-02-2023 22:45:03 [main] [Log] - waitForElementClickableBy: Element By.xpath: //a[contains(text(),'All Items')] : clickable
[INFO ] 18-02-2023 22:45:05 [main] [Log] - waitForElementVisibleWithBy: Element By.xpath: //h1[text()='Plugins, Code & Scripts'] : visible
[INFO ] 18-02-2023 22:45:05 [main] [Log] - waitForElementVisibleWithBy: Element By.xpath: //input[@name='term'] : visible
[INFO ] 18-02-2023 22:45:05 [main] [Log] - waitForElementVisibleWithBy: Element By.xpath: //input[@name='term'] : visible
[INFO ] 18-02-2023 22:45:06 [main] [Log] - waitForElementClickableBy: Element By.xpath: //a[contains(text(),'Best sellers')] : clickable
[INFO ] 18-02-2023 22:45:07 [main] [Log] - waitForElementVisibleWithBy: Element By.xpath: //span[text()='Best sellers'] : visible
[INFO ] 18-02-2023 22:45:07 [main] [Log] - waitForElementClickableBy: Element By.xpath: (//a[contains(@class,'add')])[1] : clickable
[INFO ] 18-02-2023 22:45:07 [main] [Log] - waitForElementClickableBy: Element By.xpath: (//a[contains(@class,'add')])[1] : clickable
[INFO ] 18-02-2023 22:45:09 [main] [Log] - waitForElementClickableBy: Element By.xpath: //button[normalize-space()='Keep Browsing'] : clickable
[INFO ] 18-02-2023 22:45:09 [main] [Log] - waitForElementClickableBy: Element By.xpath: (//a[contains(@class,'add')])[2] : clickable
[INFO ] 18-02-2023 22:45:09 [main] [Log] - waitForElementClickableBy: Element By.xpath: (//a[contains(@class,'add')])[2] : clickable
[INFO ] 18-02-2023 22:45:10 [main] [Log] - waitForElementClickableBy: Element By.xpath: //button[normalize-space()='Keep Browsing'] : clickable
[INFO ] 18-02-2023 22:45:10 [main] [Log] - waitForElementClickableBy: Element By.xpath: (//a[contains(@class,'add')])[3] : clickable
[INFO ] 18-02-2023 22:45:10 [main] [Log] - waitForElementClickableBy: Element By.xpath: (//a[contains(@class,'add')])[3] : clickable
[INFO ] 18-02-2023 22:45:11 [main] [Log] - waitForElementClickableBy: Element By.xpath: //button[normalize-space()='Keep Browsing'] : clickable
[INFO ] 18-02-2023 22:45:11 [main] [Log] - waitForElementClickableBy: Element By.xpath: (//a[contains(@class,'add')])[4] : clickable
[INFO ] 18-02-2023 22:45:11 [main] [Log] - waitForElementClickableBy: Element By.xpath: (//a[contains(@class,'add')])[4] : clickable
[INFO ] 18-02-2023 22:45:12 [main] [Log] - waitForElementClickableBy: Element By.xpath: //button[normalize-space()='Keep Browsing'] : clickable
[INFO ] 18-02-2023 22:45:12 [main] [Log] - waitForElementClickableBy: Element By.xpath: (//a[contains(@class,'add')])[5] : clickable
[INFO ] 18-02-2023 22:45:12 [main] [Log] - waitForElementClickableBy: Element By.xpath: (//a[contains(@class,'add')])[5] : clickable
[INFO ] 18-02-2023 22:45:14 [main] [Log] - waitForElementClickableBy: Element By.xpath: //button[normalize-space()='Keep Browsing'] : clickable
[INFO ] 18-02-2023 22:45:14 [main] [Log] - waitForElementClickableBy: Element By.xpath: //span[@data-controller='cart-icon'] : clickable
[INFO ] 18-02-2023 22:45:16 [main] [Log] - waitForElementClickableBy: Element By.xpath: (//input[@value='Secure Checkout'])[2] : clickable
[INFO ] 18-02-2023 22:45:18 [main] [Log] - waitForElementVisibleWithBy: Element By.xpath: //label[contains(text(),'First Name')]/following::input[1] : visible
[INFO ] 18-02-2023 22:45:19 [main] [Log] - waitForElementVisibleWithBy: Element By.xpath: //label[contains(text(),'Last Name')]/following::input[1] : visible
[INFO ] 18-02-2023 22:45:19 [main] [Log] - waitForElementVisibleWithBy: Element By.xpath: //label[contains(text(),'Email')]/following::input[1] : visible
[INFO ] 18-02-2023 22:45:19 [main] [Log] - waitForElementVisibleWithBy: Element By.xpath: //label[contains(text(),'Username')]/following::input[1] : visible
[INFO ] 18-02-2023 22:45:20 [main] [Log] - waitForElementVisibleWithBy: Element By.xpath: //label[contains(text(),'Password')]/following::input[1] : visible
[INFO ] 18-02-2023 22:45:20 [main] [Log] - waitForElementVisibleWithBy: Element By.xpath: //div[contains(@class,'total')]//h4 : visible
[INFO ] 18-02-2023 22:45:20 [main] [Log] - 
TestListener: COMPLETED TC: TC1 - PASS 
---------------------------------------------------------------
[INFO ] 18-02-2023 22:45:24 [main] [Log] - Actual URL: https://themeforest.net/
[INFO ] 18-02-2023 22:45:24 [main] [Log] - 
---------------------------------------------------------------
TestListener: START TC:  TC1
[INFO ] 18-02-2023 22:45:24 [main] [Log] - waitForElementClickableBy: Element By.xpath: //a[contains(text(),'Code')] : clickable
[INFO ] 18-02-2023 22:45:26 [main] [Log] - waitForElementClickableBy: Element By.xpath: //a[contains(text(),'All Items')] : clickable
[INFO ] 18-02-2023 22:45:26 [main] [Log] - waitForElementVisibleWithBy: Element By.xpath: //h1[text()='Plugins, Code & Scripts'] : visible
[INFO ] 18-02-2023 22:45:26 [main] [Log] - waitForElementVisibleWithBy: Element By.xpath: //input[@name='term'] : visible
[INFO ] 18-02-2023 22:45:27 [main] [Log] - waitForElementVisibleWithBy: Element By.xpath: //input[@name='term'] : visible
[INFO ] 18-02-2023 22:45:27 [main] [Log] - waitForElementClickableBy: Element By.xpath: //a[contains(text(),'Best sellers')] : clickable
[INFO ] 18-02-2023 22:45:28 [main] [Log] - waitForElementVisibleWithBy: Element By.xpath: //span[text()='Best sellers'] : visible
[INFO ] 18-02-2023 22:45:28 [main] [Log] - waitForElementClickableBy: Element By.xpath: (//a[contains(@class,'add')])[1] : clickable
[INFO ] 18-02-2023 22:45:28 [main] [Log] - waitForElementClickableBy: Element By.xpath: (//a[contains(@class,'add')])[1] : clickable
[INFO ] 18-02-2023 22:45:29 [main] [Log] - waitForElementClickableBy: Element By.xpath: //button[normalize-space()='Keep Browsing'] : clickable
[INFO ] 18-02-2023 22:45:29 [main] [Log] - waitForElementClickableBy: Element By.xpath: (//a[contains(@class,'add')])[2] : clickable
[INFO ] 18-02-2023 22:45:29 [main] [Log] - waitForElementClickableBy: Element By.xpath: (//a[contains(@class,'add')])[2] : clickable
[INFO ] 18-02-2023 22:45:30 [main] [Log] - waitForElementClickableBy: Element By.xpath: //button[normalize-space()='Keep Browsing'] : clickable
[INFO ] 18-02-2023 22:45:30 [main] [Log] - waitForElementClickableBy: Element By.xpath: (//a[contains(@class,'add')])[3] : clickable
[INFO ] 18-02-2023 22:45:31 [main] [Log] - waitForElementClickableBy: Element By.xpath: (//a[contains(@class,'add')])[3] : clickable
[INFO ] 18-02-2023 22:45:32 [main] [Log] - waitForElementClickableBy: Element By.xpath: //button[normalize-space()='Keep Browsing'] : clickable
[INFO ] 18-02-2023 22:45:32 [main] [Log] - waitForElementClickableBy: Element By.xpath: (//a[contains(@class,'add')])[4] : clickable
[INFO ] 18-02-2023 22:45:32 [main] [Log] - waitForElementClickableBy: Element By.xpath: (//a[contains(@class,'add')])[4] : clickable
[INFO ] 18-02-2023 22:45:33 [main] [Log] - waitForElementClickableBy: Element By.xpath: //button[normalize-space()='Keep Browsing'] : clickable
[INFO ] 18-02-2023 22:45:34 [main] [Log] - waitForElementClickableBy: Element By.xpath: (//a[contains(@class,'add')])[5] : clickable
[INFO ] 18-02-2023 22:45:34 [main] [Log] - waitForElementClickableBy: Element By.xpath: (//a[contains(@class,'add')])[5] : clickable
[INFO ] 18-02-2023 22:45:34 [main] [Log] - waitForElementClickableBy: Element By.xpath: //button[normalize-space()='Keep Browsing'] : clickable
[INFO ] 18-02-2023 22:45:34 [main] [Log] - waitForElementClickableBy: Element By.xpath: //span[@data-controller='cart-icon'] : clickable
[INFO ] 18-02-2023 22:45:36 [main] [Log] - waitForElementClickableBy: Element By.xpath: (//input[@value='Secure Checkout'])[2] : clickable
[INFO ] 18-02-2023 22:45:39 [main] [Log] - waitForElementVisibleWithBy: Element By.xpath: //label[contains(text(),'First Name')]/following::input[1] : visible
[INFO ] 18-02-2023 22:45:39 [main] [Log] - waitForElementVisibleWithBy: Element By.xpath: //label[contains(text(),'Last Name')]/following::input[1] : visible
[INFO ] 18-02-2023 22:45:40 [main] [Log] - waitForElementVisibleWithBy: Element By.xpath: //label[contains(text(),'Email')]/following::input[1] : visible
[INFO ] 18-02-2023 22:45:40 [main] [Log] - waitForElementVisibleWithBy: Element By.xpath: //label[contains(text(),'Username')]/following::input[1] : visible
[INFO ] 18-02-2023 22:45:41 [main] [Log] - waitForElementVisibleWithBy: Element By.xpath: //label[contains(text(),'Password')]/following::input[1] : visible
[INFO ] 18-02-2023 22:45:41 [main] [Log] - waitForElementVisibleWithBy: Element By.xpath: //div[contains(@class,'total')]//h4 : visible
[INFO ] 18-02-2023 22:45:41 [main] [Log] - 
TestListener: COMPLETED TC: TC1 - PASS 
---------------------------------------------------------------
[INFO ] 18-02-2023 22:45:41 [main] [Log] - TestBase: Close Driver 
[INFO ] 18-02-2023 22:45:42 [main] [Log] - 
TestListener: FINISH TESTING FOR TEST SUITE: Default Suite 
---------------------------------------------------------------
