[INFO ] 16-02-2023 08:18:44 [main] [Log] - Loaded all properties files.
[INFO ] 16-02-2023 08:18:44 [main] [Log] - TestBase: Properties For Testing:
{databaseName=KETOAN_AUTO_HOADON, language=vi, exportVideoPath=ExportData/Videos, open_reports_after_execution=no, screenshot_all_steps=no, WAIT_DEFAULT=10, testing_version=1.0, CHROME_DRIVER=, author=MISA, reportTitle=AMIS ACCOUNTING | Automation Report, video_record=no, zip_folder=no, exportCapturePath=ExportData/Images, WAIT_PAGE_LOADED=30, projectName=AMIS ACCOUNTING, WAIT_EXPLICIT=10, extentReportFolder=ExtentReports, draw_border_err_element=yes, WAIT_IMPLICIT=3, extentReportName=ExtentReports, tfslink=http://tfs2017-01:8080/tfs/defaultcollection/SMECLOUD/_workitems?id=, loginExcelDataPath=src/test/resources/datatest/amisaccounting/LoginData.xlsx, screenshot_failed_steps=yes, browser=chrome, remote_url=localhost, remote_port=4444, screenshot_passed_steps=no, override_reports=yes, target=local, headless=false, ACTIVE_PAGE_LOADED=true, WAIT_SLEEP_STEP=1, screenshot_skipped_steps=yes, send_email_to_users=no}
[INFO ] 16-02-2023 08:18:44 [main] [Log] - 
---------------------------------------------------------------
TestListener: TESTING FOR TEST SUITE: Default Suite
---------------------------------------------------------------
[INFO ] 16-02-2023 08:18:48 [main] [WebDriverManager] - Using chromedriver 109.0.5414.74 (resolved driver for Chrome 109)
[INFO ] 16-02-2023 08:18:48 [main] [WebDriverManager] - Exporting webdriver.chrome.driver as C:\Users\ADMIN\.cache\selenium\chromedriver\win32\109.0.5414.74\chromedriver.exe
[INFO ] 16-02-2023 08:18:59 [main] [Log] - Actual URL: https://themeforest.net/
[INFO ] 16-02-2023 08:18:59 [main] [Log] - 
---------------------------------------------------------------
TestListener: START TC:  TC1
[INFO ] 16-02-2023 08:18:59 [main] [Log] - waitForElementClickableBy: Element By.xpath: //a[contains(text(),'Code')] : clickable
[INFO ] 16-02-2023 08:19:01 [main] [Log] - waitForElementClickableBy: Element By.xpath: //a[contains(text(),'All Items')] : clickable
[INFO ] 16-02-2023 08:19:02 [main] [Log] - waitForElementVisibleWithBy: Element By.xpath: //h1[text()='Plugins, Code & Scripts'] : visible
[INFO ] 16-02-2023 08:19:02 [main] [Log] - waitForElementVisibleWithBy: Element By.xpath: //input[@name='term'] : visible
[INFO ] 16-02-2023 08:19:03 [main] [Log] - waitForElementVisibleWithBy: Element By.xpath: //input[@name='term'] : visible
[INFO ] 16-02-2023 08:19:04 [main] [Log] - waitForElementClickableBy: Element By.xpath: //a[contains(text(),'Best sellers')] : clickable
[INFO ] 16-02-2023 08:19:04 [main] [Log] - waitForElementVisibleWithBy: Element By.xpath: //span[text()='Best sellers'] : visible
[INFO ] 16-02-2023 08:19:05 [main] [Log] - waitForElementClickableBy: Element By.xpath: (//a[contains(@class,'add')])[1] : clickable
[INFO ] 16-02-2023 08:19:05 [main] [Log] - waitForElementClickableBy: Element By.xpath: (//a[contains(@class,'add')])[1] : clickable
[INFO ] 16-02-2023 08:19:06 [main] [Log] - waitForElementClickableBy: Element By.xpath: //button[normalize-space()='Keep Browsing'] : clickable
[INFO ] 16-02-2023 08:19:06 [main] [Log] - waitForElementClickableBy: Element By.xpath: (//a[contains(@class,'add')])[2] : clickable
[INFO ] 16-02-2023 08:19:06 [main] [Log] - waitForElementClickableBy: Element By.xpath: (//a[contains(@class,'add')])[2] : clickable
[INFO ] 16-02-2023 08:19:07 [main] [Log] - waitForElementClickableBy: Element By.xpath: //button[normalize-space()='Keep Browsing'] : clickable
[INFO ] 16-02-2023 08:19:07 [main] [Log] - waitForElementClickableBy: Element By.xpath: (//a[contains(@class,'add')])[3] : clickable
[INFO ] 16-02-2023 08:19:07 [main] [Log] - waitForElementClickableBy: Element By.xpath: (//a[contains(@class,'add')])[3] : clickable
[INFO ] 16-02-2023 08:19:09 [main] [Log] - waitForElementClickableBy: Element By.xpath: //button[normalize-space()='Keep Browsing'] : clickable
[INFO ] 16-02-2023 08:19:09 [main] [Log] - waitForElementClickableBy: Element By.xpath: (//a[contains(@class,'add')])[4] : clickable
[INFO ] 16-02-2023 08:19:09 [main] [Log] - waitForElementClickableBy: Element By.xpath: (//a[contains(@class,'add')])[4] : clickable
[INFO ] 16-02-2023 08:19:10 [main] [Log] - waitForElementClickableBy: Element By.xpath: //button[normalize-space()='Keep Browsing'] : clickable
[INFO ] 16-02-2023 08:19:11 [main] [Log] - waitForElementClickableBy: Element By.xpath: (//a[contains(@class,'add')])[5] : clickable
[INFO ] 16-02-2023 08:19:11 [main] [Log] - waitForElementClickableBy: Element By.xpath: (//a[contains(@class,'add')])[5] : clickable
[INFO ] 16-02-2023 08:19:12 [main] [Log] - waitForElementClickableBy: Element By.xpath: //button[normalize-space()='Keep Browsing'] : clickable
[INFO ] 16-02-2023 08:19:12 [main] [Log] - waitForElementClickableBy: Element By.xpath: //span[@data-controller='cart-icon'] : clickable
[INFO ] 16-02-2023 08:19:16 [main] [Log] - waitForElementClickableBy: Element By.xpath: (//input[@value='Secure Checkout'])[2] : clickable
[INFO ] 16-02-2023 08:19:19 [main] [Log] - waitForElementVisibleWithBy: Element By.xpath: //label[contains(text(),'First Name')]/following::input[1] : visible
[INFO ] 16-02-2023 08:19:19 [main] [Log] - waitForElementVisibleWithBy: Element By.xpath: //label[contains(text(),'Last Name')]/following::input[1] : visible
[INFO ] 16-02-2023 08:19:20 [main] [Log] - waitForElementVisibleWithBy: Element By.xpath: //label[contains(text(),'Email')]/following::input[1] : visible
[INFO ] 16-02-2023 08:19:20 [main] [Log] - waitForElementVisibleWithBy: Element By.xpath: //label[contains(text(),'Username')]/following::input[1] : visible
[INFO ] 16-02-2023 08:19:21 [main] [Log] - waitForElementVisibleWithBy: Element By.xpath: //label[contains(text(),'Password')]/following::input[1] : visible
[INFO ] 16-02-2023 08:19:21 [main] [Log] - waitForElementVisibleWithBy: Element By.xpath: //div[contains(@class,'total')]//h4 : visible
[INFO ] 16-02-2023 08:19:21 [main] [Log] - 
TestListener: COMPLETED TC: TC1 - PASS 
---------------------------------------------------------------
[INFO ] 16-02-2023 08:19:25 [main] [Log] - Actual URL: https://themeforest.net/
[INFO ] 16-02-2023 08:19:25 [main] [Log] - 
---------------------------------------------------------------
TestListener: START TC:  TC1
[INFO ] 16-02-2023 08:19:25 [main] [Log] - waitForElementClickableBy: Element By.xpath: //a[contains(text(),'Code')] : clickable
[INFO ] 16-02-2023 08:19:28 [main] [Log] - waitForElementClickableBy: Element By.xpath: //a[contains(text(),'All Items')] : clickable
[INFO ] 16-02-2023 08:19:28 [main] [Log] - waitForElementVisibleWithBy: Element By.xpath: //h1[text()='Plugins, Code & Scripts'] : visible
[INFO ] 16-02-2023 08:19:29 [main] [Log] - waitForElementVisibleWithBy: Element By.xpath: //input[@name='term'] : visible
[INFO ] 16-02-2023 08:19:29 [main] [Log] - waitForElementVisibleWithBy: Element By.xpath: //input[@name='term'] : visible
[INFO ] 16-02-2023 08:19:29 [main] [Log] - waitForElementClickableBy: Element By.xpath: //a[contains(text(),'Best sellers')] : clickable
[INFO ] 16-02-2023 08:19:30 [main] [Log] - waitForElementVisibleWithBy: Element By.xpath: //span[text()='Best sellers'] : visible
[INFO ] 16-02-2023 08:19:30 [main] [Log] - waitForElementClickableBy: Element By.xpath: (//a[contains(@class,'add')])[1] : clickable
[INFO ] 16-02-2023 08:19:30 [main] [Log] - waitForElementClickableBy: Element By.xpath: (//a[contains(@class,'add')])[1] : clickable
[INFO ] 16-02-2023 08:19:31 [main] [Log] - waitForElementClickableBy: Element By.xpath: //button[normalize-space()='Keep Browsing'] : clickable
[INFO ] 16-02-2023 08:19:31 [main] [Log] - waitForElementClickableBy: Element By.xpath: (//a[contains(@class,'add')])[2] : clickable
[INFO ] 16-02-2023 08:19:31 [main] [Log] - waitForElementClickableBy: Element By.xpath: (//a[contains(@class,'add')])[2] : clickable
[INFO ] 16-02-2023 08:19:32 [main] [Log] - waitForElementClickableBy: Element By.xpath: //button[normalize-space()='Keep Browsing'] : clickable
[INFO ] 16-02-2023 08:19:32 [main] [Log] - waitForElementClickableBy: Element By.xpath: (//a[contains(@class,'add')])[3] : clickable
[INFO ] 16-02-2023 08:19:32 [main] [Log] - waitForElementClickableBy: Element By.xpath: (//a[contains(@class,'add')])[3] : clickable
[INFO ] 16-02-2023 08:19:33 [main] [Log] - waitForElementClickableBy: Element By.xpath: //button[normalize-space()='Keep Browsing'] : clickable
[INFO ] 16-02-2023 08:19:33 [main] [Log] - waitForElementClickableBy: Element By.xpath: (//a[contains(@class,'add')])[4] : clickable
[INFO ] 16-02-2023 08:19:33 [main] [Log] - waitForElementClickableBy: Element By.xpath: (//a[contains(@class,'add')])[4] : clickable
[INFO ] 16-02-2023 08:19:34 [main] [Log] - waitForElementClickableBy: Element By.xpath: //button[normalize-space()='Keep Browsing'] : clickable
[INFO ] 16-02-2023 08:19:34 [main] [Log] - waitForElementClickableBy: Element By.xpath: (//a[contains(@class,'add')])[5] : clickable
[INFO ] 16-02-2023 08:19:34 [main] [Log] - waitForElementClickableBy: Element By.xpath: (//a[contains(@class,'add')])[5] : clickable
[INFO ] 16-02-2023 08:19:35 [main] [Log] - waitForElementClickableBy: Element By.xpath: //button[normalize-space()='Keep Browsing'] : clickable
[INFO ] 16-02-2023 08:19:35 [main] [Log] - waitForElementClickableBy: Element By.xpath: //span[@data-controller='cart-icon'] : clickable
[INFO ] 16-02-2023 08:19:38 [main] [Log] - waitForElementClickableBy: Element By.xpath: (//input[@value='Secure Checkout'])[2] : clickable
[INFO ] 16-02-2023 08:19:40 [main] [Log] - waitForElementVisibleWithBy: Element By.xpath: //label[contains(text(),'First Name')]/following::input[1] : visible
[INFO ] 16-02-2023 08:19:41 [main] [Log] - waitForElementVisibleWithBy: Element By.xpath: //label[contains(text(),'Last Name')]/following::input[1] : visible
[INFO ] 16-02-2023 08:19:41 [main] [Log] - waitForElementVisibleWithBy: Element By.xpath: //label[contains(text(),'Email')]/following::input[1] : visible
[INFO ] 16-02-2023 08:19:41 [main] [Log] - waitForElementVisibleWithBy: Element By.xpath: //label[contains(text(),'Username')]/following::input[1] : visible
[INFO ] 16-02-2023 08:19:42 [main] [Log] - waitForElementVisibleWithBy: Element By.xpath: //label[contains(text(),'Password')]/following::input[1] : visible
[INFO ] 16-02-2023 08:19:42 [main] [Log] - waitForElementVisibleWithBy: Element By.xpath: //div[contains(@class,'total')]//h4 : visible
[INFO ] 16-02-2023 08:19:42 [main] [Log] - 
TestListener: COMPLETED TC: TC1 - PASS 
---------------------------------------------------------------
[INFO ] 16-02-2023 08:19:42 [main] [Log] - TestBase: Close Driver 
[INFO ] 16-02-2023 08:19:43 [main] [Log] - 
TestListener: FINISH TESTING FOR TEST SUITE: Default Suite 
---------------------------------------------------------------
[INFO ] 16-02-2023 08:21:28 [main] [Log] - Loaded all properties files.
[INFO ] 16-02-2023 08:21:28 [main] [Log] - TestBase: Properties For Testing:
{databaseName=KETOAN_AUTO_HOADON, language=vi, exportVideoPath=ExportData/Videos, open_reports_after_execution=no, screenshot_all_steps=no, WAIT_DEFAULT=10, testing_version=1.0, CHROME_DRIVER=, author=MISA, reportTitle=AMIS ACCOUNTING | Automation Report, video_record=no, zip_folder=no, exportCapturePath=ExportData/Images, WAIT_PAGE_LOADED=30, projectName=AMIS ACCOUNTING, WAIT_EXPLICIT=10, extentReportFolder=ExtentReports, draw_border_err_element=yes, WAIT_IMPLICIT=3, extentReportName=ExtentReports, tfslink=http://tfs2017-01:8080/tfs/defaultcollection/SMECLOUD/_workitems?id=, loginExcelDataPath=src/test/resources/datatest/amisaccounting/LoginData.xlsx, screenshot_failed_steps=yes, browser=chrome, remote_url=localhost, remote_port=4444, screenshot_passed_steps=no, override_reports=yes, target=local, headless=false, ACTIVE_PAGE_LOADED=true, WAIT_SLEEP_STEP=1, screenshot_skipped_steps=yes, send_email_to_users=no}
[INFO ] 16-02-2023 08:21:28 [main] [Log] - 
---------------------------------------------------------------
TestListener: TESTING FOR TEST SUITE: Default Suite
---------------------------------------------------------------
[INFO ] 16-02-2023 08:21:30 [main] [WebDriverManager] - Using chromedriver 109.0.5414.74 (resolved driver for Chrome 109)
[INFO ] 16-02-2023 08:21:30 [main] [WebDriverManager] - Exporting webdriver.chrome.driver as C:\Users\ADMIN\.cache\selenium\chromedriver\win32\109.0.5414.74\chromedriver.exe
[INFO ] 16-02-2023 08:21:40 [main] [Log] - Actual URL: https://themeforest.net/
[INFO ] 16-02-2023 08:21:40 [main] [Log] - 
---------------------------------------------------------------
TestListener: START TC:  TC1
[INFO ] 16-02-2023 08:21:40 [main] [Log] - waitForElementClickableBy: Element By.xpath: //a[contains(text(),'Code')] : clickable
[INFO ] 16-02-2023 08:21:42 [main] [Log] - waitForElementClickableBy: Element By.xpath: //a[contains(text(),'All Items')] : clickable
[INFO ] 16-02-2023 08:21:42 [main] [Log] - waitForElementVisibleWithBy: Element By.xpath: //h1[text()='Plugins, Code & Scripts'] : visible
[INFO ] 16-02-2023 08:21:42 [main] [Log] - waitForElementVisibleWithBy: Element By.xpath: //input[@name='term'] : visible
[INFO ] 16-02-2023 08:21:43 [main] [Log] - waitForElementVisibleWithBy: Element By.xpath: //input[@name='term'] : visible
[INFO ] 16-02-2023 08:21:43 [main] [Log] - waitForElementClickableBy: Element By.xpath: //a[contains(text(),'Best sellers')] : clickable
[INFO ] 16-02-2023 08:21:44 [main] [Log] - waitForElementVisibleWithBy: Element By.xpath: //span[text()='Best sellers'] : visible
[INFO ] 16-02-2023 08:21:44 [main] [Log] - 
TestListener: COMPLETED TC: TC1 - FAIL 
---------------------------------------------------------------
[INFO ] 16-02-2023 08:21:45 [main] [Log] - captureScreenshot: Screenshot taken current URL: https://codecanyon.net/search/elementor?sort=sales#content
[ERROR] 16-02-2023 08:21:45 [main] [Log] - FAILED !! Screenshot for test case: TC1
[ERROR] 16-02-2023 08:21:45 [main] [Log] - java.lang.ClassCastException: class java.lang.String cannot be cast to class org.openqa.selenium.WebElement (java.lang.String is in module java.base of loader 'bootstrap'; org.openqa.selenium.WebElement is in unnamed module of loader 'app')
[INFO ] 16-02-2023 08:21:50 [main] [Log] - Actual URL: https://themeforest.net/
[INFO ] 16-02-2023 08:21:50 [main] [Log] - 
---------------------------------------------------------------
TestListener: START TC:  TC1
[INFO ] 16-02-2023 08:21:50 [main] [Log] - waitForElementClickableBy: Element By.xpath: //a[contains(text(),'Code')] : clickable
[INFO ] 16-02-2023 08:21:52 [main] [Log] - waitForElementClickableBy: Element By.xpath: //a[contains(text(),'All Items')] : clickable
[INFO ] 16-02-2023 08:21:52 [main] [Log] - waitForElementVisibleWithBy: Element By.xpath: //h1[text()='Plugins, Code & Scripts'] : visible
[INFO ] 16-02-2023 08:21:52 [main] [Log] - waitForElementVisibleWithBy: Element By.xpath: //input[@name='term'] : visible
[INFO ] 16-02-2023 08:21:52 [main] [Log] - waitForElementVisibleWithBy: Element By.xpath: //input[@name='term'] : visible
[INFO ] 16-02-2023 08:21:53 [main] [Log] - waitForElementClickableBy: Element By.xpath: //a[contains(text(),'Best sellers')] : clickable
[INFO ] 16-02-2023 08:21:54 [main] [Log] - waitForElementVisibleWithBy: Element By.xpath: //span[text()='Best sellers'] : visible
[INFO ] 16-02-2023 08:21:55 [main] [Log] - 
TestListener: COMPLETED TC: TC1 - FAIL 
---------------------------------------------------------------
[INFO ] 16-02-2023 08:21:55 [main] [Log] - captureScreenshot: Screenshot taken current URL: https://codecanyon.net/search/elementor?sort=sales#content
[ERROR] 16-02-2023 08:21:55 [main] [Log] - FAILED !! Screenshot for test case: TC1
[ERROR] 16-02-2023 08:21:55 [main] [Log] - java.lang.ClassCastException: class java.lang.String cannot be cast to class org.openqa.selenium.WebElement (java.lang.String is in module java.base of loader 'bootstrap'; org.openqa.selenium.WebElement is in unnamed module of loader 'app')
[INFO ] 16-02-2023 08:21:55 [main] [Log] - TestBase: Close Driver 
[INFO ] 16-02-2023 08:21:56 [main] [Log] - 
TestListener: FINISH TESTING FOR TEST SUITE: Default Suite 
---------------------------------------------------------------
[INFO ] 16-02-2023 08:24:27 [main] [Log] - Loaded all properties files.
[INFO ] 16-02-2023 08:24:27 [main] [Log] - TestBase: Properties For Testing:
{databaseName=KETOAN_AUTO_HOADON, language=vi, exportVideoPath=ExportData/Videos, open_reports_after_execution=no, screenshot_all_steps=no, WAIT_DEFAULT=10, testing_version=1.0, CHROME_DRIVER=, author=MISA, reportTitle=AMIS ACCOUNTING | Automation Report, video_record=no, zip_folder=no, exportCapturePath=ExportData/Images, WAIT_PAGE_LOADED=30, projectName=AMIS ACCOUNTING, WAIT_EXPLICIT=10, extentReportFolder=ExtentReports, draw_border_err_element=yes, WAIT_IMPLICIT=3, extentReportName=ExtentReports, tfslink=http://tfs2017-01:8080/tfs/defaultcollection/SMECLOUD/_workitems?id=, loginExcelDataPath=src/test/resources/datatest/amisaccounting/LoginData.xlsx, screenshot_failed_steps=yes, browser=chrome, remote_url=localhost, remote_port=4444, screenshot_passed_steps=no, override_reports=yes, target=local, headless=false, ACTIVE_PAGE_LOADED=true, WAIT_SLEEP_STEP=1, screenshot_skipped_steps=yes, send_email_to_users=no}
[INFO ] 16-02-2023 08:24:27 [main] [Log] - 
---------------------------------------------------------------
TestListener: TESTING FOR TEST SUITE: Default Suite
---------------------------------------------------------------
[INFO ] 16-02-2023 08:24:28 [main] [WebDriverManager] - Using chromedriver 109.0.5414.74 (resolved driver for Chrome 109)
[INFO ] 16-02-2023 08:24:28 [main] [WebDriverManager] - Exporting webdriver.chrome.driver as C:\Users\ADMIN\.cache\selenium\chromedriver\win32\109.0.5414.74\chromedriver.exe
[INFO ] 16-02-2023 08:24:37 [main] [Log] - Actual URL: https://themeforest.net/
[INFO ] 16-02-2023 08:24:37 [main] [Log] - 
---------------------------------------------------------------
TestListener: START TC:  TC1
[INFO ] 16-02-2023 08:24:38 [main] [Log] - waitForElementClickableBy: Element By.xpath: //a[contains(text(),'Code')] : clickable
[INFO ] 16-02-2023 08:24:39 [main] [Log] - waitForElementClickableBy: Element By.xpath: //a[contains(text(),'All Items')] : clickable
[INFO ] 16-02-2023 08:24:40 [main] [Log] - waitForElementVisibleWithBy: Element By.xpath: //h1[text()='Plugins, Code & Scripts'] : visible
[INFO ] 16-02-2023 08:24:40 [main] [Log] - waitForElementVisibleWithBy: Element By.xpath: //input[@name='term'] : visible
[INFO ] 16-02-2023 08:24:40 [main] [Log] - waitForElementVisibleWithBy: Element By.xpath: //input[@name='term'] : visible
[INFO ] 16-02-2023 08:24:41 [main] [Log] - waitForElementClickableBy: Element By.xpath: //a[contains(text(),'Best sellers')] : clickable
[INFO ] 16-02-2023 08:24:41 [main] [Log] - waitForElementVisibleWithBy: Element By.xpath: //span[text()='Best sellers'] : visible
[INFO ] 16-02-2023 08:24:42 [main] [Log] - 
TestListener: COMPLETED TC: TC1 - FAIL 
---------------------------------------------------------------
[INFO ] 16-02-2023 08:24:42 [main] [Log] - captureScreenshot: Screenshot taken current URL: https://codecanyon.net/search/elementor?sort=sales#content
[ERROR] 16-02-2023 08:24:42 [main] [Log] - FAILED !! Screenshot for test case: TC1
[ERROR] 16-02-2023 08:24:42 [main] [Log] - java.lang.ClassCastException: class java.lang.String cannot be cast to class org.openqa.selenium.WebElement (java.lang.String is in module java.base of loader 'bootstrap'; org.openqa.selenium.WebElement is in unnamed module of loader 'app')
[INFO ] 16-02-2023 08:24:47 [main] [Log] - Actual URL: https://themeforest.net/
[INFO ] 16-02-2023 08:24:47 [main] [Log] - 
---------------------------------------------------------------
TestListener: START TC:  TC1
[INFO ] 16-02-2023 08:24:47 [main] [Log] - waitForElementClickableBy: Element By.xpath: //a[contains(text(),'Code')] : clickable
[INFO ] 16-02-2023 08:24:49 [main] [Log] - waitForElementClickableBy: Element By.xpath: //a[contains(text(),'All Items')] : clickable
[INFO ] 16-02-2023 08:24:50 [main] [Log] - waitForElementVisibleWithBy: Element By.xpath: //h1[text()='Plugins, Code & Scripts'] : visible
[INFO ] 16-02-2023 08:24:50 [main] [Log] - waitForElementVisibleWithBy: Element By.xpath: //input[@name='term'] : visible
[INFO ] 16-02-2023 08:24:50 [main] [Log] - waitForElementVisibleWithBy: Element By.xpath: //input[@name='term'] : visible
[INFO ] 16-02-2023 08:24:51 [main] [Log] - waitForElementClickableBy: Element By.xpath: //a[contains(text(),'Best sellers')] : clickable
[INFO ] 16-02-2023 08:24:51 [main] [Log] - waitForElementVisibleWithBy: Element By.xpath: //span[text()='Best sellers'] : visible
[INFO ] 16-02-2023 08:24:52 [main] [Log] - 
TestListener: COMPLETED TC: TC1 - FAIL 
---------------------------------------------------------------
[INFO ] 16-02-2023 08:24:52 [main] [Log] - captureScreenshot: Screenshot taken current URL: https://codecanyon.net/search/elementor?sort=sales#content
[ERROR] 16-02-2023 08:24:52 [main] [Log] - FAILED !! Screenshot for test case: TC1
[ERROR] 16-02-2023 08:24:52 [main] [Log] - java.lang.ClassCastException: class java.lang.String cannot be cast to class org.openqa.selenium.WebElement (java.lang.String is in module java.base of loader 'bootstrap'; org.openqa.selenium.WebElement is in unnamed module of loader 'app')
[INFO ] 16-02-2023 08:24:52 [main] [Log] - TestBase: Close Driver 
[INFO ] 16-02-2023 08:24:53 [main] [Log] - 
TestListener: FINISH TESTING FOR TEST SUITE: Default Suite 
---------------------------------------------------------------
