[INFO ] 06-02-2023 14:08:31 [main] [Log] - Loaded all properties files.
[INFO ] 06-02-2023 14:08:31 [main] [Log] - TestBase: Properties For Testing:
{databaseName=KETOAN_AUTO_HOADON, language=vi, exportVideoPath=ExportData/Videos, open_reports_after_execution=no, screenshot_all_steps=no, WAIT_DEFAULT=10, testing_version=1.0, CHROME_DRIVER=, author=MISA, reportTitle=AMIS ACCOUNTING | Automation Report, video_record=no, zip_folder=no, exportCapturePath=ExportData/Images, WAIT_PAGE_LOADED=30, projectName=AMIS ACCOUNTING, WAIT_EXPLICIT=10, extentReportFolder=ExtentReports, draw_border_err_element=yes, WAIT_IMPLICIT=3, extentReportName=ExtentReports, tfslink=http://tfs2017-01:8080/tfs/defaultcollection/SMECLOUD/_workitems?id=, loginExcelDataPath=src/test/resources/datatest/amisaccounting/LoginData.xlsx, screenshot_failed_steps=yes, browser=chrome, remote_url=localhost, remote_port=4444, screenshot_passed_steps=no, override_reports=yes, target=local, headless=false, ACTIVE_PAGE_LOADED=true, WAIT_SLEEP_STEP=1, screenshot_skipped_steps=yes, send_email_to_users=no}
[INFO ] 06-02-2023 14:08:31 [main] [Log] - 
---------------------------------------------------------------
TestListener: TESTING FOR TEST SUITE: Default Suite
---------------------------------------------------------------
[INFO ] 06-02-2023 14:08:34 [main] [WebDriverManager] - Using chromedriver 109.0.5414.74 (resolved driver for Chrome 109)
[INFO ] 06-02-2023 14:08:34 [main] [WebDriverManager] - Exporting webdriver.chrome.driver as C:\Users\ADMIN\.cache\selenium\chromedriver\win32\109.0.5414.74\chromedriver.exe
[INFO ] 06-02-2023 14:08:46 [main] [Log] - Actual URL: https://opensource-demo.orangehrmlive.com/web/index.php/auth/login
[INFO ] 06-02-2023 14:08:47 [main] [Log] - waitForElementClickable: Element //button[normalize-space()='Login'] : clickable
[INFO ] 06-02-2023 14:08:49 [main] [Log] - waitForElementVisibleWithBy: Element By.xpath: //h6[text()='Dashboard'] : visible
[INFO ] 06-02-2023 14:08:51 [main] [Log] - waitForElementClickable: Element //span[text()='PIM'] : clickable
[INFO ] 06-02-2023 14:08:55 [main] [Log] - Actual URL: https://opensource-demo.orangehrmlive.com/web/index.php/pim/viewEmployeeList
[INFO ] 06-02-2023 14:08:55 [main] [Log] - waitForElementClickable: Element //span[text()='Configuration '] : clickable
[INFO ] 06-02-2023 14:08:55 [main] [Log] - waitForElementClickable: Element //ul[@role='menu']//a[text()='Custom Fields'] : clickable
[INFO ] 06-02-2023 14:08:56 [main] [Log] - 
---------------------------------------------------------------
TestListener: START TC:  Home_Access_PIM_001
[INFO ] 06-02-2023 14:08:57 [main] [Log] - waitForElementClickable: Element //button[normalize-space()='Add'] : clickable
[INFO ] 06-02-2023 14:08:59 [main] [Log] - waitForElementClickable: Element //label[text()='Screen']/following::div[@class='oxd-select-wrapper'][1] : clickable
[INFO ] 06-02-2023 14:08:59 [main] [Log] - waitForElementClickable: Element //span[text()='Personal Details'] : clickable
[INFO ] 06-02-2023 14:08:59 [main] [Log] - waitForElementClickable: Element //label[text()='Type']/following::div[@class='oxd-select-wrapper'][1] : clickable
[INFO ] 06-02-2023 14:08:59 [main] [Log] - waitForElementClickable: Element //span[text()='Drop Down'] : clickable
[INFO ] 06-02-2023 14:08:59 [main] [Log] - waitForElementClickable: Element //button[normalize-space()='Save'] : clickable
[INFO ] 06-02-2023 14:09:04 [main] [Log] - waitForElementVisibleWithBy: Element By.xpath: //h6[text()='Configuration'] : visible
[INFO ] 06-02-2023 14:09:04 [main] [Log] - waitForElementClickableBy: Element By.xpath: (//div[text()='Khanh Nguyen']/following::div/button)[1] : clickable
[INFO ] 06-02-2023 14:09:04 [main] [Log] - waitForElementClickable: Element (//div[text()='Khanh Nguyen']/following::div/button)[1] : clickable
[INFO ] 06-02-2023 14:09:05 [main] [Log] - waitForElementClickable: Element //button[text()=' Yes, Delete '] : clickable
[INFO ] 06-02-2023 14:09:05 [main] [Log] - 
TestListener: COMPLETED TC: Home_Access_PIM_001 - PASS 
---------------------------------------------------------------
[INFO ] 06-02-2023 14:09:05 [main] [Log] - waitForElementClickable: Element //span[text()='PIM'] : clickable
[INFO ] 06-02-2023 14:09:09 [main] [Log] - Actual URL: https://opensource-demo.orangehrmlive.com/web/index.php/pim/viewEmployeeList
[INFO ] 06-02-2023 14:09:09 [main] [Log] - waitForElementClickable: Element //span[text()='Configuration '] : clickable
[INFO ] 06-02-2023 14:09:10 [main] [Log] - waitForElementClickable: Element //ul[@role='menu']//a[text()='Custom Fields'] : clickable
[INFO ] 06-02-2023 14:09:10 [main] [Log] - 
---------------------------------------------------------------
TestListener: START TC:  Home_Access_PIM_001
[INFO ] 06-02-2023 14:09:12 [main] [Log] - waitForElementClickable: Element //button[normalize-space()='Add'] : clickable
[INFO ] 06-02-2023 14:09:13 [main] [Log] - waitForElementClickable: Element //label[text()='Screen']/following::div[@class='oxd-select-wrapper'][1] : clickable
[INFO ] 06-02-2023 14:09:14 [main] [Log] - waitForElementClickable: Element //span[text()='Contact Details'] : clickable
[INFO ] 06-02-2023 14:09:14 [main] [Log] - waitForElementClickable: Element //label[text()='Type']/following::div[@class='oxd-select-wrapper'][1] : clickable
[INFO ] 06-02-2023 14:09:14 [main] [Log] - waitForElementClickable: Element //span[text()='Drop Down'] : clickable
[INFO ] 06-02-2023 14:09:14 [main] [Log] - waitForElementClickable: Element //button[normalize-space()='Save'] : clickable
[INFO ] 06-02-2023 14:09:18 [main] [Log] - waitForElementVisibleWithBy: Element By.xpath: //h6[text()='Configuration'] : visible
[INFO ] 06-02-2023 14:09:19 [main] [Log] - waitForElementClickableBy: Element By.xpath: (//div[text()='Ahihi']/following::div/button)[1] : clickable
[INFO ] 06-02-2023 14:09:19 [main] [Log] - waitForElementClickable: Element (//div[text()='Ahihi']/following::div/button)[1] : clickable
[INFO ] 06-02-2023 14:09:19 [main] [Log] - waitForElementClickable: Element //button[text()=' Yes, Delete '] : clickable
[INFO ] 06-02-2023 14:09:19 [main] [Log] - 
TestListener: COMPLETED TC: Home_Access_PIM_001 - PASS 
---------------------------------------------------------------
[INFO ] 06-02-2023 14:09:20 [main] [Log] - 
TestListener: FINISH TESTING FOR TEST SUITE: Default Suite 
---------------------------------------------------------------
[INFO ] 06-02-2023 14:13:48 [main] [Log] - Loaded all properties files.
[INFO ] 06-02-2023 14:13:48 [main] [Log] - TestBase: Properties For Testing:
{databaseName=KETOAN_AUTO_HOADON, language=vi, exportVideoPath=ExportData/Videos, open_reports_after_execution=no, screenshot_all_steps=no, WAIT_DEFAULT=10, testing_version=1.0, CHROME_DRIVER=, author=MISA, reportTitle=AMIS ACCOUNTING | Automation Report, video_record=no, zip_folder=no, exportCapturePath=ExportData/Images, WAIT_PAGE_LOADED=30, projectName=AMIS ACCOUNTING, WAIT_EXPLICIT=10, extentReportFolder=ExtentReports, draw_border_err_element=yes, WAIT_IMPLICIT=3, extentReportName=ExtentReports, tfslink=http://tfs2017-01:8080/tfs/defaultcollection/SMECLOUD/_workitems?id=, loginExcelDataPath=src/test/resources/datatest/amisaccounting/LoginData.xlsx, screenshot_failed_steps=yes, browser=chrome, remote_url=localhost, remote_port=4444, screenshot_passed_steps=no, override_reports=yes, target=local, headless=false, ACTIVE_PAGE_LOADED=true, WAIT_SLEEP_STEP=1, screenshot_skipped_steps=yes, send_email_to_users=no}
[INFO ] 06-02-2023 14:13:48 [main] [Log] - 
---------------------------------------------------------------
TestListener: TESTING FOR TEST SUITE: Default Suite
---------------------------------------------------------------
[INFO ] 06-02-2023 14:13:49 [main] [WebDriverManager] - Using chromedriver 109.0.5414.74 (resolved driver for Chrome 109)
[INFO ] 06-02-2023 14:13:49 [main] [WebDriverManager] - Exporting webdriver.chrome.driver as C:\Users\ADMIN\.cache\selenium\chromedriver\win32\109.0.5414.74\chromedriver.exe
[INFO ] 06-02-2023 14:14:01 [main] [Log] - Actual URL: https://opensource-demo.orangehrmlive.com/web/index.php/auth/login
[INFO ] 06-02-2023 14:14:02 [main] [Log] - waitForElementClickable: Element //button[normalize-space()='Login'] : clickable
[INFO ] 06-02-2023 14:14:04 [main] [Log] - waitForElementVisibleWithBy: Element By.xpath: //h6[text()='Dashboard'] : visible
[INFO ] 06-02-2023 14:14:04 [main] [Log] - 
TestListener: COMPLETED TC: Home_Add_New_Employee_PIM_001 - FAIL 
---------------------------------------------------------------
[INFO ] 06-02-2023 14:14:04 [main] [Log] - captureScreenshot: Screenshot taken current URL: https://opensource-demo.orangehrmlive.com/web/index.php/dashboard/index
[ERROR] 06-02-2023 14:14:04 [main] [Log] - FAILED !! Screenshot for test case: Home_Add_New_Employee_PIM_001
[ERROR] 06-02-2023 14:14:05 [main] [Log] - org.testng.TestNGException: 
Cannot inject @Test annotated Method [Home_Add_New_Employee_PIM_001] with [class java.lang.String, class java.lang.String, class java.lang.String, class java.lang.String].
For more information on native dependency injection please refer to https://testng.org/doc/documentation-main.html#native-dependency-injection
[INFO ] 06-02-2023 14:14:05 [main] [Log] - 
TestListener: FINISH TESTING FOR TEST SUITE: Default Suite 
---------------------------------------------------------------
[INFO ] 06-02-2023 14:16:41 [main] [Log] - Loaded all properties files.
[INFO ] 06-02-2023 14:16:41 [main] [Log] - TestBase: Properties For Testing:
{databaseName=KETOAN_AUTO_HOADON, language=vi, exportVideoPath=ExportData/Videos, open_reports_after_execution=no, screenshot_all_steps=no, WAIT_DEFAULT=10, testing_version=1.0, CHROME_DRIVER=, author=MISA, reportTitle=AMIS ACCOUNTING | Automation Report, video_record=no, zip_folder=no, exportCapturePath=ExportData/Images, WAIT_PAGE_LOADED=30, projectName=AMIS ACCOUNTING, WAIT_EXPLICIT=10, extentReportFolder=ExtentReports, draw_border_err_element=yes, WAIT_IMPLICIT=3, extentReportName=ExtentReports, tfslink=http://tfs2017-01:8080/tfs/defaultcollection/SMECLOUD/_workitems?id=, loginExcelDataPath=src/test/resources/datatest/amisaccounting/LoginData.xlsx, screenshot_failed_steps=yes, browser=chrome, remote_url=localhost, remote_port=4444, screenshot_passed_steps=no, override_reports=yes, target=local, headless=false, ACTIVE_PAGE_LOADED=true, WAIT_SLEEP_STEP=1, screenshot_skipped_steps=yes, send_email_to_users=no}
[INFO ] 06-02-2023 14:16:41 [main] [Log] - 
---------------------------------------------------------------
TestListener: TESTING FOR TEST SUITE: Default Suite
---------------------------------------------------------------
[INFO ] 06-02-2023 14:16:42 [main] [WebDriverManager] - Using chromedriver 109.0.5414.74 (resolved driver for Chrome 109)
[INFO ] 06-02-2023 14:16:42 [main] [WebDriverManager] - Exporting webdriver.chrome.driver as C:\Users\ADMIN\.cache\selenium\chromedriver\win32\109.0.5414.74\chromedriver.exe
[INFO ] 06-02-2023 14:16:53 [main] [Log] - Actual URL: https://opensource-demo.orangehrmlive.com/web/index.php/auth/login
[INFO ] 06-02-2023 14:16:54 [main] [Log] - waitForElementClickable: Element //button[normalize-space()='Login'] : clickable
[INFO ] 06-02-2023 14:16:57 [main] [Log] - waitForElementVisibleWithBy: Element By.xpath: //h6[text()='Dashboard'] : visible
[INFO ] 06-02-2023 14:16:57 [main] [Log] - waitForElementClickable: Element //span[text()='PIM'] : clickable
[INFO ] 06-02-2023 14:17:01 [main] [Log] - Actual URL: https://opensource-demo.orangehrmlive.com/web/index.php/pim/viewEmployeeList
[INFO ] 06-02-2023 14:17:01 [main] [Log] - waitForElementClickable: Element //span[text()='Configuration '] : clickable
[INFO ] 06-02-2023 14:17:01 [main] [Log] - waitForElementClickable: Element //ul[@role='menu']//a[text()='Custom Fields'] : clickable
[INFO ] 06-02-2023 14:17:02 [main] [Log] - 
---------------------------------------------------------------
TestListener: START TC:  Home_Add_New_Employee_PIM_002
[INFO ] 06-02-2023 14:17:02 [main] [Log] - waitForElementClickable: Element //a[text()='Add Employee'] : clickable
[INFO ] 06-02-2023 14:17:04 [main] [Log] - waitForElementVisibleWithBy: Element By.xpath: //input[contains(@placeholder,'First Name')] : visible
[INFO ] 06-02-2023 14:17:04 [main] [Log] - waitForElementVisibleWithBy: Element By.xpath: //input[contains(@placeholder,'Middle Name')] : visible
[INFO ] 06-02-2023 14:17:04 [main] [Log] - waitForElementVisibleWithBy: Element By.xpath: //input[contains(@placeholder,'Last Name')] : visible
[INFO ] 06-02-2023 14:17:07 [main] [Log] - 
TestListener: COMPLETED TC: Home_Add_New_Employee_PIM_002 - FAIL 
---------------------------------------------------------------
[INFO ] 06-02-2023 14:17:07 [main] [Log] - captureScreenshot: Screenshot taken current URL: https://opensource-demo.orangehrmlive.com/web/index.php/pim/addEmployee
[ERROR] 06-02-2023 14:17:07 [main] [Log] - FAILED !! Screenshot for test case: Home_Add_New_Employee_PIM_002
[ERROR] 06-02-2023 14:17:07 [main] [Log] - java.lang.ClassCastException: class java.lang.String cannot be cast to class org.openqa.selenium.WebElement (java.lang.String is in module java.base of loader 'bootstrap'; org.openqa.selenium.WebElement is in unnamed module of loader 'app')
[INFO ] 06-02-2023 14:17:08 [main] [Log] - 
TestListener: FINISH TESTING FOR TEST SUITE: Default Suite 
---------------------------------------------------------------
[INFO ] 06-02-2023 14:53:12 [main] [Log] - Loaded all properties files.
[INFO ] 06-02-2023 14:53:12 [main] [Log] - TestBase: Properties For Testing:
{databaseName=KETOAN_AUTO_HOADON, language=vi, exportVideoPath=ExportData/Videos, open_reports_after_execution=no, screenshot_all_steps=no, WAIT_DEFAULT=10, testing_version=1.0, CHROME_DRIVER=, author=MISA, reportTitle=AMIS ACCOUNTING | Automation Report, video_record=no, zip_folder=no, exportCapturePath=ExportData/Images, WAIT_PAGE_LOADED=30, projectName=AMIS ACCOUNTING, WAIT_EXPLICIT=10, extentReportFolder=ExtentReports, draw_border_err_element=yes, WAIT_IMPLICIT=3, extentReportName=ExtentReports, tfslink=http://tfs2017-01:8080/tfs/defaultcollection/SMECLOUD/_workitems?id=, loginExcelDataPath=src/test/resources/datatest/amisaccounting/LoginData.xlsx, screenshot_failed_steps=yes, browser=chrome, remote_url=localhost, remote_port=4444, screenshot_passed_steps=no, override_reports=yes, target=local, headless=false, ACTIVE_PAGE_LOADED=true, WAIT_SLEEP_STEP=1, screenshot_skipped_steps=yes, send_email_to_users=no}
[INFO ] 06-02-2023 14:53:13 [main] [Log] - 
---------------------------------------------------------------
TestListener: TESTING FOR TEST SUITE: Default Suite
---------------------------------------------------------------
[INFO ] 06-02-2023 14:53:14 [main] [WebDriverManager] - Using chromedriver 109.0.5414.74 (resolved driver for Chrome 109)
[INFO ] 06-02-2023 14:53:14 [main] [WebDriverManager] - Exporting webdriver.chrome.driver as C:\Users\ADMIN\.cache\selenium\chromedriver\win32\109.0.5414.74\chromedriver.exe
[INFO ] 06-02-2023 14:53:35 [main] [Log] - Actual URL: https://opensource-demo.orangehrmlive.com/web/index.php/auth/login
[INFO ] 06-02-2023 14:53:36 [main] [Log] - waitForElementClickable: Element //button[normalize-space()='Login'] : clickable
[INFO ] 06-02-2023 14:53:37 [main] [Log] - waitForElementVisibleWithBy: Element By.xpath: //h6[text()='Dashboard'] : visible
[INFO ] 06-02-2023 14:53:37 [main] [Log] - waitForElementClickable: Element //span[text()='PIM'] : clickable
[INFO ] 06-02-2023 14:53:42 [main] [Log] - Actual URL: https://opensource-demo.orangehrmlive.com/web/index.php/pim/viewEmployeeList
[INFO ] 06-02-2023 14:53:42 [main] [Log] - waitForElementClickable: Element //span[text()='Configuration '] : clickable
[INFO ] 06-02-2023 14:53:42 [main] [Log] - waitForElementClickable: Element //ul[@role='menu']//a[text()='Custom Fields'] : clickable
[INFO ] 06-02-2023 14:53:44 [main] [Log] - 
---------------------------------------------------------------
TestListener: START TC:  Home_Add_New_Employee_PIM_002
[INFO ] 06-02-2023 14:53:44 [main] [Log] - waitForElementClickable: Element //a[text()='Add Employee'] : clickable
[INFO ] 06-02-2023 14:53:45 [main] [Log] - waitForElementVisibleWithBy: Element By.xpath: //input[contains(@placeholder,'First Name')] : visible
[INFO ] 06-02-2023 14:53:46 [main] [Log] - waitForElementVisibleWithBy: Element By.xpath: //input[contains(@placeholder,'Middle Name')] : visible
[INFO ] 06-02-2023 14:53:46 [main] [Log] - waitForElementVisibleWithBy: Element By.xpath: //input[contains(@placeholder,'Last Name')] : visible
[INFO ] 06-02-2023 14:53:48 [main] [Log] - 
TestListener: COMPLETED TC: Home_Add_New_Employee_PIM_002 - FAIL 
---------------------------------------------------------------
[INFO ] 06-02-2023 14:53:49 [main] [Log] - captureScreenshot: Screenshot taken current URL: https://opensource-demo.orangehrmlive.com/web/index.php/pim/addEmployee
[ERROR] 06-02-2023 14:53:49 [main] [Log] - FAILED !! Screenshot for test case: Home_Add_New_Employee_PIM_002
[ERROR] 06-02-2023 14:53:49 [main] [Log] - java.lang.AssertionError: check value input expected [123456] but found [0339123456]
[INFO ] 06-02-2023 14:53:50 [main] [Log] - 
TestListener: FINISH TESTING FOR TEST SUITE: Default Suite 
---------------------------------------------------------------
[INFO ] 06-02-2023 16:57:15 [main] [Log] - Loaded all properties files.
[INFO ] 06-02-2023 16:57:15 [main] [Log] - TestBase: Properties For Testing:
{databaseName=KETOAN_AUTO_HOADON, language=vi, exportVideoPath=ExportData/Videos, open_reports_after_execution=no, screenshot_all_steps=no, WAIT_DEFAULT=10, testing_version=1.0, CHROME_DRIVER=, author=MISA, reportTitle=AMIS ACCOUNTING | Automation Report, video_record=no, zip_folder=no, exportCapturePath=ExportData/Images, WAIT_PAGE_LOADED=30, projectName=AMIS ACCOUNTING, WAIT_EXPLICIT=10, extentReportFolder=ExtentReports, draw_border_err_element=yes, WAIT_IMPLICIT=3, extentReportName=ExtentReports, tfslink=http://tfs2017-01:8080/tfs/defaultcollection/SMECLOUD/_workitems?id=, loginExcelDataPath=src/test/resources/datatest/amisaccounting/LoginData.xlsx, screenshot_failed_steps=yes, browser=chrome, remote_url=localhost, remote_port=4444, screenshot_passed_steps=no, override_reports=yes, target=local, headless=false, ACTIVE_PAGE_LOADED=true, WAIT_SLEEP_STEP=1, screenshot_skipped_steps=yes, send_email_to_users=no}
[INFO ] 06-02-2023 16:57:15 [main] [Log] - 
---------------------------------------------------------------
TestListener: TESTING FOR TEST SUITE: Default Suite
---------------------------------------------------------------
[INFO ] 06-02-2023 16:57:16 [main] [WebDriverManager] - Using chromedriver 109.0.5414.74 (resolved driver for Chrome 109)
[INFO ] 06-02-2023 16:57:16 [main] [WebDriverManager] - Exporting webdriver.chrome.driver as C:\Users\ADMIN\.cache\selenium\chromedriver\win32\109.0.5414.74\chromedriver.exe
[INFO ] 06-02-2023 16:57:28 [main] [Log] - Actual URL: https://opensource-demo.orangehrmlive.com/web/index.php/auth/login
[INFO ] 06-02-2023 16:57:29 [main] [Log] - waitForElementClickable: Element //button[normalize-space()='Login'] : clickable
[INFO ] 06-02-2023 16:57:31 [main] [Log] - waitForElementVisibleWithBy: Element By.xpath: //h6[text()='Dashboard'] : visible
[INFO ] 06-02-2023 16:57:31 [main] [Log] - 
---------------------------------------------------------------
TestListener: START TC:  TC1
[INFO ] 06-02-2023 16:57:31 [main] [Log] - waitForElementClickable: Element //span[text()='PIM'] : clickable
[INFO ] 06-02-2023 16:57:35 [main] [Log] - Actual URL: https://opensource-demo.orangehrmlive.com/web/index.php/pim/viewEmployeeList
[INFO ] 06-02-2023 16:57:35 [main] [Log] - waitForElementClickable: Element //span[text()='Configuration '] : clickable
[INFO ] 06-02-2023 16:57:35 [main] [Log] - waitForElementClickable: Element //ul[@role='menu']//a[text()='Custom Fields'] : clickable
[INFO ] 06-02-2023 16:57:36 [main] [Log] - 
TestListener: COMPLETED TC: TC1 - PASS 
---------------------------------------------------------------
[INFO ] 06-02-2023 16:57:38 [main] [Log] - 
---------------------------------------------------------------
TestListener: START TC:  TC2
[INFO ] 06-02-2023 16:57:38 [main] [Log] - waitForElementClickable: Element //span[text()='PIM'] : clickable
[INFO ] 06-02-2023 16:57:42 [main] [Log] - Actual URL: https://opensource-demo.orangehrmlive.com/web/index.php/pim/viewEmployeeList
[INFO ] 06-02-2023 16:57:42 [main] [Log] - waitForElementClickable: Element //span[text()='Configuration '] : clickable
[INFO ] 06-02-2023 16:57:42 [main] [Log] - waitForElementClickable: Element //ul[@role='menu']//a[text()='Custom Fields'] : clickable
[INFO ] 06-02-2023 16:57:44 [main] [Log] - waitForElementClickable: Element //button[normalize-space()='Add'] : clickable
[INFO ] 06-02-2023 16:57:51 [main] [Log] - waitForElementClickable: Element //label[text()='Screen']/following::div[@class='oxd-select-wrapper'][1] : clickable
[INFO ] 06-02-2023 16:57:51 [main] [Log] - waitForElementClickable: Element //span[text()='Personal Details'] : clickable
[INFO ] 06-02-2023 16:57:51 [main] [Log] - waitForElementClickable: Element //label[text()='Type']/following::div[@class='oxd-select-wrapper'][1] : clickable
[INFO ] 06-02-2023 16:57:51 [main] [Log] - waitForElementClickable: Element //span[text()='Drop Down'] : clickable
[INFO ] 06-02-2023 16:57:55 [main] [Log] - waitForElementClickable: Element //button[normalize-space()='Save'] : clickable
[INFO ] 06-02-2023 16:58:00 [main] [Log] - waitForElementVisibleWithBy: Element By.xpath: //h6[text()='Configuration'] : visible
[INFO ] 06-02-2023 16:58:00 [main] [Log] - waitForElementClickableBy: Element By.xpath: (//div[text()='Khanh Nguyen']/following::div/button)[1] : clickable
[INFO ] 06-02-2023 16:58:00 [main] [Log] - waitForElementClickable: Element (//div[text()='Khanh Nguyen']/following::div/button)[1] : clickable
[INFO ] 06-02-2023 16:58:01 [main] [Log] - waitForElementClickable: Element //button[text()=' Yes, Delete '] : clickable
[INFO ] 06-02-2023 16:58:01 [main] [Log] - 
TestListener: COMPLETED TC: TC2 - PASS 
---------------------------------------------------------------
[INFO ] 06-02-2023 16:58:01 [main] [Log] - 
---------------------------------------------------------------
TestListener: START TC:  TC2
[INFO ] 06-02-2023 16:58:01 [main] [Log] - waitForElementClickable: Element //span[text()='PIM'] : clickable
[INFO ] 06-02-2023 16:58:05 [main] [Log] - Actual URL: https://opensource-demo.orangehrmlive.com/web/index.php/pim/viewEmployeeList
[INFO ] 06-02-2023 16:58:05 [main] [Log] - waitForElementClickable: Element //span[text()='Configuration '] : clickable
[INFO ] 06-02-2023 16:58:05 [main] [Log] - waitForElementClickable: Element //ul[@role='menu']//a[text()='Custom Fields'] : clickable
[INFO ] 06-02-2023 16:58:07 [main] [Log] - waitForElementClickable: Element //button[normalize-space()='Add'] : clickable
[INFO ] 06-02-2023 16:58:09 [main] [Log] - waitForElementClickable: Element //label[text()='Screen']/following::div[@class='oxd-select-wrapper'][1] : clickable
[INFO ] 06-02-2023 16:58:09 [main] [Log] - waitForElementClickable: Element //span[text()='Contact Details'] : clickable
[INFO ] 06-02-2023 16:58:09 [main] [Log] - waitForElementClickable: Element //label[text()='Type']/following::div[@class='oxd-select-wrapper'][1] : clickable
[INFO ] 06-02-2023 16:58:09 [main] [Log] - waitForElementClickable: Element //span[text()='Drop Down'] : clickable
[INFO ] 06-02-2023 16:58:09 [main] [Log] - waitForElementClickable: Element //button[normalize-space()='Save'] : clickable
[INFO ] 06-02-2023 16:58:14 [main] [Log] - waitForElementVisibleWithBy: Element By.xpath: //h6[text()='Configuration'] : visible
[INFO ] 06-02-2023 16:58:14 [main] [Log] - waitForElementClickableBy: Element By.xpath: (//div[text()='Ahihi']/following::div/button)[1] : clickable
[INFO ] 06-02-2023 16:58:14 [main] [Log] - waitForElementClickable: Element (//div[text()='Ahihi']/following::div/button)[1] : clickable
[INFO ] 06-02-2023 16:58:21 [main] [Log] - waitForElementClickable: Element //button[text()=' Yes, Delete '] : clickable
[INFO ] 06-02-2023 16:58:21 [main] [Log] - 
TestListener: COMPLETED TC: TC2 - PASS 
---------------------------------------------------------------
[INFO ] 06-02-2023 16:58:21 [main] [Log] - 
---------------------------------------------------------------
TestListener: START TC:  TC3
[INFO ] 06-02-2023 16:58:21 [main] [Log] - waitForElementClickable: Element //span[text()='PIM'] : clickable
[INFO ] 06-02-2023 16:58:25 [main] [Log] - Actual URL: https://opensource-demo.orangehrmlive.com/web/index.php/pim/viewEmployeeList
[INFO ] 06-02-2023 16:58:25 [main] [Log] - waitForElementClickable: Element //span[text()='Configuration '] : clickable
[INFO ] 06-02-2023 16:58:26 [main] [Log] - waitForElementClickable: Element //ul[@role='menu']//a[text()='Custom Fields'] : clickable
[INFO ] 06-02-2023 16:58:27 [main] [Log] - waitForElementClickable: Element //a[text()='Add Employee'] : clickable
[INFO ] 06-02-2023 16:58:29 [main] [Log] - waitForElementVisibleWithBy: Element By.xpath: //input[contains(@placeholder,'First Name')] : visible
[INFO ] 06-02-2023 16:58:31 [main] [Log] - waitForElementVisibleWithBy: Element By.xpath: //input[contains(@placeholder,'Middle Name')] : visible
[INFO ] 06-02-2023 16:58:31 [main] [Log] - waitForElementVisibleWithBy: Element By.xpath: //input[contains(@placeholder,'Last Name')] : visible
[INFO ] 06-02-2023 16:58:33 [main] [Log] - 
TestListener: COMPLETED TC: TC3 - FAIL 
---------------------------------------------------------------
[INFO ] 06-02-2023 16:58:34 [main] [Log] - captureScreenshot: Screenshot taken current URL: https://opensource-demo.orangehrmlive.com/web/index.php/pim/addEmployee
[ERROR] 06-02-2023 16:58:34 [main] [Log] - FAILED !! Screenshot for test case: TC3
[ERROR] 06-02-2023 16:58:34 [main] [Log] - java.lang.ClassCastException: class java.lang.String cannot be cast to class org.openqa.selenium.WebElement (java.lang.String is in module java.base of loader 'bootstrap'; org.openqa.selenium.WebElement is in unnamed module of loader 'app')
[INFO ] 06-02-2023 16:58:35 [main] [Log] - 
TestListener: FINISH TESTING FOR TEST SUITE: Default Suite 
---------------------------------------------------------------
